FUN3D 13.6-c04c9a5b80 Flow started 11/02/2021 at 01:49:32 with 1 processes
Contents of fun3d.nml file below------------------------
&project
  project_rootname = 'mixed'
/
&raw_grid
  grid_format = 'aflr3'
  data_format = 'default'
  swap_yz_axes = .true.
/
&governing_equations
  eqn_type      = 'compressible'
  viscous_terms = 'turbulent'
/
&turbulent_diffusion_models
  turbulence_model = 'sa'
/
&reference_physical_properties
  mach_number     = 0.5
  angle_of_attack = 0.0
  reynolds_number = 1.357e4
  temperature     = 300.0
  temperature_units = 'Kelvin'
/
&inviscid_flux_method
flux_construction       = 'roe'
flux_limiter            = 'hvenkat'
smooth_limiter_coeff    = 1.0
freeze_limiter_iteration = 1
/
&code_run_control
  restart_write_freq = 1
  restart_read       = 'off'
  steps              =  100
/
&nonlinear_solver_parameters
  time_accuracy = "steady"
  time_step_nondim =   0.1
  subiterations =          0
  schedule_iteration(1:2) = 1,10
  schedule_cfl(1:2) = 200.0,200.0
  schedule_cflturb(1:2) = 50.0,50.0
/
&elasticity_gmres
  tol = 1.e-14
/
&global
  moving_grid = .true.
  boundary_animation_freq = 10
  volume_animation_freq = 10
/
&slice_data
  nslices	= 1
  slice_z(:)	= .true.
  slice_location(:) = 2.5
/
&boundary_output_variables
  number_of_boundaries = -1
  boundary_list        = '1-6'
  temperature          = .true.
  mach                 = .true.
/
&massoud_output
  funtofem_include_skin_friction = .true.
/
&volume_output_variables
  export_to ='vtk'
  x = .false.
  y = .false.
  z = .false.
  temperature = .true.
  mach = .true.
  p = .true.
/
Contents of fun3d.nml file above------------------------
 The default "stream" data format is being used for the grid format "aflr3".
 Namelist data file moving_body.input successfully opened
   Namelist forced_motion not read
   Namelist observer_motion not read
   Namelist surface_motion_from_file not read
   Namelist motion_from_file not read
   Namelist composite_overset_mesh not read
  ... Use the reference Mach number for the freestream:  T
 Setting flow solver convergence tolerance to  0.1E-29
 (to prevent unintended kickout from coupling process)
 
 loading design ...
 Preparing to read binary AFLR3 grid: mixed.lb8.ugrid
 error opening mixed.lb8.ugrid
 Preparing to read binary AFLR3 grid: mixed.b8.ugrid
 
  nnodes              357
  ntface,nqface       160 120
  ntet,npyr,nprz,nhex 0 0 480 0
 
 Swapping y- and z-points and preserving right-handedness.
 ...y(new) = -z(input)
 ...z(new) = +y(input)
cell statistics: type,      min volume,      max volume, max face angle
cell statistics:  prz,  0.15042162E+00,  0.36906523E+00,   91.913126746
cell statistics:  all,  0.15042162E+00,  0.36906523E+00,   91.913126746

     ... Constructing partition node sets for level-0...                   480 T
     ... Edge Partitioning ....
     ... Boundary partitioning....
     ... Reordering for cache efficiency....
     ... Write global grid information to mixed.grid_info
     ... Time after preprocess TIME/Mem(MB):  ********    131.99    129.49
 Grid Motion Type 
   deform
 
  NOTE: kappa_umuscl set by grid: .50
 
 Grid read complete
  ... Use the reference Mach number for the freestream:  T
 Setting Sutherland constant =   198.60 rather than default value of  198.60
  Running an aeroelastic case with itime = 0
  -->Setting ignore_grid_velocity to true
  -->Setting need_grid_velocity to false
  
  Use of a smooth (differentiable) flux limiter detected
  Examining the grid to compute the reference length....
  The grid based limiter reference length is   0.437237828947155     
  
 
 Computing distance function:
   Wall spacing: 0.516E+00 min, 0.702E+00 max, 0.640E+00 avg
 
 Boundary 2 allowed to deform with y=constant constraint
 Boundary 3 allowed to deform with y=constant constraint
 
 Number of Moving Bodies:
  1
 
 Motion Data for Body    1
   Body Name:   bc-6
   Parent Name: 
  Number of Boundaries Defining Body:
    1
  List of Boundaries Defining Body:
    6
  Mesh Movement For Body Motion
   deform
  Component Mesh ID:
    0
  Rotational Motion:
   rotate
    0
   no forced rotation specified
  Translational Motion
   translate
    0
   no forced translation specified
  List of Boundaries Used For Force/Moment Integration:
    6
  Moment Center:
   xmc         ymc         zmc  
   0.00000E+00 0.00000E+00 0.00000E+00
   move_mc
    1
  Surface Files
   No surface files specified
 
 Moving Body Family Trees:
 
   number after each component name is the generation;
   generation 0 motion is relative to inertial frame
   generation 1 motion is relative to generation 0
   generation 2 motion is relative to generation 1, etc
 
   Body Name: bc-6 (0)
    Ancestors:
      none
    Descendants:
      none
 
 Body 1 initial moment center:   0.0000000E+00  0.0000000E+00  0.0000000E+00
 Done.
FUN3D 13.6-c04c9a5b80 Flow started 11/02/2021 at 01:49:33 with 1 processes
Contents of fun3d.nml file below------------------------
&project
  project_rootname = 'mixed'
/
&raw_grid
  grid_format = 'aflr3'
  data_format = 'default'
  swap_yz_axes = .true.
/
&governing_equations
  eqn_type      = 'compressible'
  viscous_terms = 'turbulent'
/
&turbulent_diffusion_models
  turbulence_model = 'sa'
/
&reference_physical_properties
  mach_number     = 0.5
  angle_of_attack = 0.0
  reynolds_number = 1.357e4
  temperature     = 300.0
  temperature_units = 'Kelvin'
/
&inviscid_flux_method
flux_construction       = 'roe'
flux_limiter            = 'hvenkat'
smooth_limiter_coeff    = 1.0
freeze_limiter_iteration = 1
/
&code_run_control
  restart_write_freq = 1
  restart_read       = 'off'
  steps              =  100
/
&nonlinear_solver_parameters
  time_accuracy = "steady"
  time_step_nondim =   0.1
  subiterations =          0
  schedule_iteration(1:2) = 1,10
  schedule_cfl(1:2) = 200.0,200.0
  schedule_cflturb(1:2) = 50.0,50.0
/
&elasticity_gmres
  tol = 1.e-14
/
&global
  moving_grid = .true.
  boundary_animation_freq = 10
  volume_animation_freq = 10
/
&slice_data
  nslices	= 1
  slice_z(:)	= .true.
  slice_location(:) = 2.5
/
&boundary_output_variables
  number_of_boundaries = -1
  boundary_list        = '1-6'
  temperature          = .true.
  mach                 = .true.
/
&massoud_output
  funtofem_include_skin_friction = .true.
/
&volume_output_variables
  export_to ='vtk'
  x = .false.
  y = .false.
  z = .false.
  temperature = .true.
  mach = .true.
  p = .true.
/
Contents of fun3d.nml file above------------------------
 The default "stream" data format is being used for the grid format "aflr3".
 Namelist data file moving_body.input successfully opened
   Namelist forced_motion not read
   Namelist observer_motion not read
   Namelist surface_motion_from_file not read
   Namelist motion_from_file not read
   Namelist composite_overset_mesh not read
  ... Use the reference Mach number for the freestream:  T
 Setting Sutherland constant =   198.60 rather than default value of  198.60
 Setting flow solver convergence tolerance to  0.1E-29
 (to prevent unintended kickout from coupling process)
 
 loading design ...
 Preparing to read binary AFLR3 grid: mixed.lb8.ugrid
 error opening mixed.lb8.ugrid
 Preparing to read binary AFLR3 grid: mixed.b8.ugrid
 
  nnodes              357
  ntface,nqface       160 120
  ntet,npyr,nprz,nhex 0 0 480 0
 
 Swapping y- and z-points and preserving right-handedness.
 ...y(new) = -z(input)
 ...z(new) = +y(input)
cell statistics: type,      min volume,      max volume, max face angle
cell statistics:  prz,  0.15042162E+00,  0.36906523E+00,   91.913126746
cell statistics:  all,  0.15042162E+00,  0.36906523E+00,   91.913126746

     ... Constructing partition node sets for level-0...                   480 T
     ... Edge Partitioning ....
     ... Boundary partitioning....
     ... Reordering for cache efficiency....
     ... Write global grid information to mixed.grid_info
     ... Time after preprocess TIME/Mem(MB):  ********    227.91    227.91
  NOTE: kappa_umuscl set by grid: .50
 
 Grid read complete
  ... Use the reference Mach number for the freestream:  T
 Setting Sutherland constant =   198.60 rather than default value of  198.60
  Running an aeroelastic case with itime = 0
  -->Setting ignore_grid_velocity to true
  -->Setting need_grid_velocity to false
  
  Use of a smooth (differentiable) flux limiter detected
  Examining the grid to compute the reference length....
  The grid based limiter reference length is   0.437237828947155     
  
 
 Recomputing distance function:
   Wall spacing: 0.516E+00 min, 0.702E+00 max, 0.640E+00 avg
 
 Boundary 2 allowed to deform with y=constant constraint
 Boundary 3 allowed to deform with y=constant constraint
 
 Number of Moving Bodies:
  1
 
 Motion Data for Body    1
   Body Name:   bc-6
   Parent Name: 
  Number of Boundaries Defining Body:
    1
  List of Boundaries Defining Body:
    6
  Mesh Movement For Body Motion
   deform
  Component Mesh ID:
    0
  Rotational Motion:
   rotate
    0
   no forced rotation specified
  Translational Motion
   translate
    0
   no forced translation specified
  List of Boundaries Used For Force/Moment Integration:
    6
  Moment Center:
   xmc         ymc         zmc  
   0.00000E+00 0.00000E+00 0.00000E+00
   move_mc
    1
  Surface Files
   No surface files specified
 
 Moving Body Family Trees:
 
   number after each component name is the generation;
   generation 0 motion is relative to inertial frame
   generation 1 motion is relative to generation 0
   generation 2 motion is relative to generation 1, etc
 
   Body Name: bc-6 (0)
    Ancestors:
      none
    Descendants:
      none
 
 Body 1 initial moment center:   0.0000000E+00  0.0000000E+00  0.0000000E+00
 
 Begin Mesh Movement, Time Step 1   (Current Step 1)
 Solving linear elasticity equations for mesh deformation
   Info: initial call to elasticity solver
     Elasticity model: (1/distance)**1.0
     Linear solver: gmres
     Left preconditioner: point-multicolor  Preconditioner iterations: 5
     Initial values for solution taken as zero
     Convergence tolerances: tol_rel = 0.10000000E-13 tol_abs = 0.10000000E-13
   Elasticity Convergence:
     Search direction     1  residual =  0.00000000E+00   relative_residual =  0.00000000E+00
     Convergence achieved: residual <= tol_rel * initial_residual + tol_abs =  0.20000000E-13
 
 Recomputing distance function:
   Wall spacing: 0.516E+00 min, 0.702E+00 max, 0.640E+00 avg
 
 Iter            density_RMS  density_MAX   X-location   Y-location   Z-location
                    turb_RMS     turb_MAX   X-location   Y-location   Z-location
    1  0.831524256461029E-02  0.38732E-01  0.00000E+00 -0.33333E+01 -0.25000E+01
       0.833430190575335E-01  0.36843E+00  0.50558E+00 -0.25000E+01 -0.19841E+01
       Lift -0.501982342348236E+01         Drag  0.587123553931276E-02
 
 Writing mixed.flow (version 12.2)
  inserting current history iterations 1
 Time for write: .0 s
 
 
 Begin Mesh Movement, Time Step 2   (Current Step 2)
 Solving linear elasticity equations for mesh deformation
   Info: restarting elasticity solver
     Initial values for solution taken as final values from previous step
   Elasticity Convergence:
     Search direction     1  residual =  0.00000000E+00   relative_residual =  0.00000000E+00
     Convergence achieved: residual <= tol_rel * initial_residual + tol_abs =  0.20000000E-13
 
 Recomputing distance function:
   Wall spacing: 0.516E+00 min, 0.702E+00 max, 0.640E+00 avg
 
   limiter frozen
    2  0.586155601756332E-02  0.35037E-01  0.00000E+00 -0.41667E+01 -0.25000E+01
       0.724632501964903E-01  0.32684E+00  0.50558E+00 -0.25000E+01 -0.19841E+01
       Lift -0.477200949782213E+01         Drag  0.549310479415538E-02
 
 Writing mixed.flow (version 12.2)
  inserting current history iterations 2
 Time for write: .0 s
 
 
 Begin Mesh Movement, Time Step 3   (Current Step 3)
 Solving linear elasticity equations for mesh deformation
   Elasticity Convergence:
     Search direction     1  residual =  0.00000000E+00   relative_residual =  0.00000000E+00
     Convergence achieved: residual <= tol_rel * initial_residual + tol_abs =  0.20000000E-13
 
 Recomputing distance function:
   Wall spacing: 0.516E+00 min, 0.702E+00 max, 0.640E+00 avg
 
   limiter frozen
    3  0.376832798503933E-02  0.22625E-01  0.00000E+00 -0.83333E+00 -0.25000E+01
       0.613555412774930E-01  0.30206E+00  0.50558E+00 -0.25000E+01 -0.19841E+01
       Lift -0.359632518874472E+01         Drag  0.527148230909595E-02
 
 Writing mixed.flow (version 12.2)
  inserting current history iterations 3
 Time for write: .0 s
 
 
 Begin Mesh Movement, Time Step 4   (Current Step 4)
 Solving linear elasticity equations for mesh deformation
   Elasticity Convergence:
     Search direction     1  residual =  0.00000000E+00   relative_residual =  0.00000000E+00
     Convergence achieved: residual <= tol_rel * initial_residual + tol_abs =  0.20000000E-13
 
 Recomputing distance function:
   Wall spacing: 0.516E+00 min, 0.702E+00 max, 0.640E+00 avg
 
   limiter frozen
    4  0.217097316776885E-02  0.11513E-01  0.10000E+01 -0.16667E+01 -0.25000E+01
       0.499983058407915E-01  0.27031E+00  0.50558E+00 -0.16667E+01 -0.19841E+01
       Lift -0.261386320233308E+01         Drag  0.511143981749050E-02
 
 Writing mixed.flow (version 12.2)
  inserting current history iterations 4
 Time for write: .0 s
 
 
 Begin Mesh Movement, Time Step 5   (Current Step 5)
 Solving linear elasticity equations for mesh deformation
   Elasticity Convergence:
     Search direction     1  residual =  0.00000000E+00   relative_residual =  0.00000000E+00
     Convergence achieved: residual <= tol_rel * initial_residual + tol_abs =  0.20000000E-13
 
 Recomputing distance function:
   Wall spacing: 0.516E+00 min, 0.702E+00 max, 0.640E+00 avg
 
   limiter frozen
    5  0.151773369625454E-02  0.76751E-02  0.10000E+01 -0.16667E+01 -0.25000E+01
       0.382427429166143E-01  0.22965E+00  0.50558E+00 -0.16667E+01 -0.19841E+01
       Lift -0.185338130997134E+01         Drag  0.498696042059436E-02
 
 Writing mixed.flow (version 12.2)
  inserting current history iterations 5
 Time for write: .0 s
 
 
 Begin Mesh Movement, Time Step 6   (Current Step 6)
 Solving linear elasticity equations for mesh deformation
   Elasticity Convergence:
     Search direction     1  residual =  0.00000000E+00   relative_residual =  0.00000000E+00
     Convergence achieved: residual <= tol_rel * initial_residual + tol_abs =  0.20000000E-13
 
 Recomputing distance function:
   Wall spacing: 0.516E+00 min, 0.702E+00 max, 0.640E+00 avg
 
   limiter frozen
    6  0.110527138131250E-02  0.48904E-02  0.10201E+01 -0.16667E+01 -0.14570E+01
       0.280429212708505E-01  0.18562E+00  0.50558E+00 -0.25000E+01 -0.19841E+01
       Lift -0.136650539840195E+01         Drag  0.489024078892022E-02
 
 Writing mixed.flow (version 12.2)
  inserting current history iterations 6
 Time for write: .0 s
 
 
 Begin Mesh Movement, Time Step 7   (Current Step 7)
 Solving linear elasticity equations for mesh deformation
   Elasticity Convergence:
     Search direction     1  residual =  0.00000000E+00   relative_residual =  0.00000000E+00
     Convergence achieved: residual <= tol_rel * initial_residual + tol_abs =  0.20000000E-13
 
 Recomputing distance function:
   Wall spacing: 0.516E+00 min, 0.702E+00 max, 0.640E+00 avg
 
   limiter frozen
    7  0.714861262053775E-03  0.31267E-02  0.10201E+01 -0.16667E+01 -0.14570E+01
       0.201421409415520E-01  0.14357E+00  0.50558E+00 -0.83333E+00 -0.19841E+01
       Lift -0.111192982589938E+01         Drag  0.481670011815080E-02
 
 Writing mixed.flow (version 12.2)
  inserting current history iterations 7
 Time for write: .0 s
 
 
 Begin Mesh Movement, Time Step 8   (Current Step 8)
 Solving linear elasticity equations for mesh deformation
   Elasticity Convergence:
     Search direction     1  residual =  0.00000000E+00   relative_residual =  0.00000000E+00
     Convergence achieved: residual <= tol_rel * initial_residual + tol_abs =  0.20000000E-13
 
 Recomputing distance function:
   Wall spacing: 0.516E+00 min, 0.702E+00 max, 0.640E+00 avg
 
   limiter frozen
    8  0.458371987297577E-03  0.18061E-02  0.28898E+01 -0.33333E+01 -0.85627E+00
       0.145800278574286E-01  0.10598E+00  0.50558E+00 -0.83333E+00 -0.19841E+01
       Lift -0.946757138996414E+00         Drag  0.476317699014671E-02
 
 Writing mixed.flow (version 12.2)
  inserting current history iterations 8
 Time for write: .0 s
 
 
 Begin Mesh Movement, Time Step 9   (Current Step 9)
 Solving linear elasticity equations for mesh deformation
   Elasticity Convergence:
     Search direction     1  residual =  0.00000000E+00   relative_residual =  0.00000000E+00
     Convergence achieved: residual <= tol_rel * initial_residual + tol_abs =  0.20000000E-13
 
 Recomputing distance function:
   Wall spacing: 0.516E+00 min, 0.702E+00 max, 0.640E+00 avg
 
   limiter frozen
    9  0.334270716491803E-03  0.15512E-02  0.28898E+01 -0.16667E+01 -0.85627E+00
       0.988675035855764E-02  0.72935E-01  0.50558E+00 -0.83333E+00 -0.19841E+01
       Lift -0.895986974955373E+00         Drag  0.472134724682917E-02
 
 Writing mixed.flow (version 12.2)
  inserting current history iterations 9
 Time for write: .0 s
 
 
 Begin Mesh Movement, Time Step 10   (Current Step 10)
 Solving linear elasticity equations for mesh deformation
   Elasticity Convergence:
     Search direction     1  residual =  0.00000000E+00   relative_residual =  0.00000000E+00
     Convergence achieved: residual <= tol_rel * initial_residual + tol_abs =  0.20000000E-13
 
 Recomputing distance function:
   Wall spacing: 0.516E+00 min, 0.702E+00 max, 0.640E+00 avg
 
   limiter frozen
   10  0.243084151123188E-03  0.11843E-02  0.28898E+01 -0.83333E+00 -0.85627E+00
       0.579262228212806E-02  0.43635E-01  0.50558E+00 -0.83333E+00 -0.19841E+01
       Lift -0.798177143615738E+00         Drag  0.469229195949173E-02
 
 Writing boundary output: mixed_tec_boundary_timestep10.dat
  Time step: 10, ntt: 10, Prior iterations: 0
 Writing Legacy VTK volume file='mixed_volume_timestep10.vtk'
 
 Writing mixed.flow (version 12.2)
  inserting current history iterations 10
 Time for write: .0 s
 
 
 Begin Mesh Movement, Time Step 11   (Current Step 11)
 Solving linear elasticity equations for mesh deformation
   Elasticity Convergence:
     Search direction     1  residual =  0.00000000E+00   relative_residual =  0.00000000E+00
     Convergence achieved: residual <= tol_rel * initial_residual + tol_abs =  0.20000000E-13
 
 Recomputing distance function:
   Wall spacing: 0.516E+00 min, 0.702E+00 max, 0.640E+00 avg
 
   limiter frozen
   11  0.175370083781450E-03  0.82302E-03  0.28898E+01 -0.83333E+00 -0.85627E+00
       0.224204825151597E-02  0.17196E-01  0.50558E+00 -0.83333E+00 -0.19841E+01
       Lift -0.723070091849808E+00         Drag  0.467063651467278E-02
 
 Writing mixed.flow (version 12.2)
  inserting current history iterations 11
 Time for write: .0 s
 
 
 Begin Mesh Movement, Time Step 12   (Current Step 12)
 Solving linear elasticity equations for mesh deformation
   Elasticity Convergence:
     Search direction     1  residual =  0.00000000E+00   relative_residual =  0.00000000E+00
     Convergence achieved: residual <= tol_rel * initial_residual + tol_abs =  0.20000000E-13
 
 Recomputing distance function:
   Wall spacing: 0.516E+00 min, 0.702E+00 max, 0.640E+00 avg
 
   limiter frozen
   12  0.127736710466864E-03  0.56810E-03  0.28898E+01 -0.83333E+00 -0.85627E+00
       0.826408314118620E-03  0.47493E-02  0.50558E+00 -0.25000E+01 -0.19841E+01
       Lift -0.655566463898600E+00         Drag  0.465463851599954E-02
 
 Writing mixed.flow (version 12.2)
  inserting current history iterations 12
 Time for write: .0 s
 
 
 Begin Mesh Movement, Time Step 13   (Current Step 13)
 Solving linear elasticity equations for mesh deformation
   Elasticity Convergence:
     Search direction     1  residual =  0.00000000E+00   relative_residual =  0.00000000E+00
     Convergence achieved: residual <= tol_rel * initial_residual + tol_abs =  0.20000000E-13
 
 Recomputing distance function:
   Wall spacing: 0.516E+00 min, 0.702E+00 max, 0.640E+00 avg
 
   limiter frozen
   13  0.982393924788040E-04  0.39717E-03  0.28898E+01 -0.83333E+00 -0.85627E+00
       0.442113346499003E-03  0.14781E-02  0.50558E+00 -0.25000E+01 -0.19841E+01
       Lift -0.609290872185391E+00         Drag  0.464241296210118E-02
 
 Writing mixed.flow (version 12.2)
  inserting current history iterations 13
 Time for write: .0 s
 
 
 Begin Mesh Movement, Time Step 14   (Current Step 14)
 Solving linear elasticity equations for mesh deformation
   Elasticity Convergence:
     Search direction     1  residual =  0.00000000E+00   relative_residual =  0.00000000E+00
     Convergence achieved: residual <= tol_rel * initial_residual + tol_abs =  0.20000000E-13
 
 Recomputing distance function:
   Wall spacing: 0.516E+00 min, 0.702E+00 max, 0.640E+00 avg
 
   limiter frozen
   14  0.765824667696732E-04  0.29610E-03  0.28898E+01 -0.41667E+01 -0.85627E+00
       0.266585007841314E-03  0.98236E-03  0.23085E+01 -0.25000E+01 -0.16442E+01
       Lift -0.582243129247327E+00         Drag  0.463303006115666E-02
 
 Writing mixed.flow (version 12.2)
  inserting current history iterations 14
 Time for write: .0 s
 
 
 Begin Mesh Movement, Time Step 15   (Current Step 15)
 Solving linear elasticity equations for mesh deformation
   Elasticity Convergence:
     Search direction     1  residual =  0.00000000E+00   relative_residual =  0.00000000E+00
     Convergence achieved: residual <= tol_rel * initial_residual + tol_abs =  0.20000000E-13
 
 Recomputing distance function:
   Wall spacing: 0.516E+00 min, 0.702E+00 max, 0.640E+00 avg
 
   limiter frozen
   15  0.594048358996241E-04  0.23221E-03  0.28898E+01 -0.41667E+01 -0.85627E+00
       0.171264644895494E-03  0.64523E-03  0.23085E+01 -0.25000E+01 -0.16442E+01
       Lift -0.568618195688960E+00         Drag  0.462588046985987E-02
 
 Writing mixed.flow (version 12.2)
  inserting current history iterations 15
 Time for write: .0 s
 
 
 Begin Mesh Movement, Time Step 16   (Current Step 16)
 Solving linear elasticity equations for mesh deformation
   Elasticity Convergence:
     Search direction     1  residual =  0.00000000E+00   relative_residual =  0.00000000E+00
     Convergence achieved: residual <= tol_rel * initial_residual + tol_abs =  0.20000000E-13
 
 Recomputing distance function:
   Wall spacing: 0.516E+00 min, 0.702E+00 max, 0.640E+00 avg
 
   limiter frozen
   16  0.462036251543413E-04  0.18603E-03  0.28898E+01 -0.41667E+01 -0.85627E+00
       0.117305734757534E-03  0.42810E-03  0.23085E+01 -0.25000E+01 -0.16442E+01
       Lift -0.563318072493102E+00         Drag  0.462044614052994E-02
 
 Writing mixed.flow (version 12.2)
  inserting current history iterations 16
 Time for write: .0 s
 
 
 Begin Mesh Movement, Time Step 17   (Current Step 17)
 Solving linear elasticity equations for mesh deformation
   Elasticity Convergence:
     Search direction     1  residual =  0.00000000E+00   relative_residual =  0.00000000E+00
     Convergence achieved: residual <= tol_rel * initial_residual + tol_abs =  0.20000000E-13
 
 Recomputing distance function:
   Wall spacing: 0.516E+00 min, 0.702E+00 max, 0.640E+00 avg
 
   limiter frozen
   17  0.361052560721143E-04  0.14730E-03  0.28898E+01 -0.41667E+01 -0.85627E+00
       0.848889317913355E-04  0.34740E-03  0.50000E+01 -0.25000E+01 -0.15000E+01
       Lift -0.561841033489036E+00         Drag  0.461635109383287E-02
 
 Writing mixed.flow (version 12.2)
  inserting current history iterations 17
 Time for write: .0 s
 
 
 Begin Mesh Movement, Time Step 18   (Current Step 18)
 Solving linear elasticity equations for mesh deformation
   Elasticity Convergence:
     Search direction     1  residual =  0.00000000E+00   relative_residual =  0.00000000E+00
     Convergence achieved: residual <= tol_rel * initial_residual + tol_abs =  0.20000000E-13
 
 Recomputing distance function:
   Wall spacing: 0.516E+00 min, 0.702E+00 max, 0.640E+00 avg
 
   limiter frozen
   18  0.281981198665409E-04  0.11233E-03  0.28898E+01 -0.41667E+01 -0.85627E+00
       0.643056726198824E-04  0.29100E-03  0.50000E+01 -0.25000E+01 -0.15000E+01
       Lift -0.562471756708118E+00         Drag  0.461324513748004E-02
 
 Writing mixed.flow (version 12.2)
  inserting current history iterations 18
 Time for write: .0 s
 
 
 Begin Mesh Movement, Time Step 19   (Current Step 19)
 Solving linear elasticity equations for mesh deformation
   Elasticity Convergence:
     Search direction     1  residual =  0.00000000E+00   relative_residual =  0.00000000E+00
     Convergence achieved: residual <= tol_rel * initial_residual + tol_abs =  0.20000000E-13
 
 Recomputing distance function:
   Wall spacing: 0.516E+00 min, 0.702E+00 max, 0.640E+00 avg
 
   limiter frozen
   19  0.219500868369050E-04  0.81497E-04  0.28898E+01 -0.41667E+01 -0.85627E+00
       0.501818039885035E-04  0.23845E-03  0.50000E+01 -0.25000E+01 -0.15000E+01
       Lift -0.564438877129679E+00         Drag  0.461086854441672E-02
 
 Writing mixed.flow (version 12.2)
  inserting current history iterations 19
 Time for write: .0 s
 
 
 Begin Mesh Movement, Time Step 20   (Current Step 20)
 Solving linear elasticity equations for mesh deformation
   Elasticity Convergence:
     Search direction     1  residual =  0.00000000E+00   relative_residual =  0.00000000E+00
     Convergence achieved: residual <= tol_rel * initial_residual + tol_abs =  0.20000000E-13
 
 Recomputing distance function:
   Wall spacing: 0.516E+00 min, 0.702E+00 max, 0.640E+00 avg
 
   limiter frozen
   20  0.171071467666534E-04  0.56896E-04  0.28898E+01 -0.25000E+01 -0.85627E+00
       0.393583000904990E-04  0.19240E-03  0.50000E+01 -0.25000E+01 -0.15000E+01
       Lift -0.567355280571116E+00         Drag  0.460903689533943E-02
 
 Writing boundary output: mixed_tec_boundary_timestep20.dat
  Time step: 20, ntt: 20, Prior iterations: 0
 Writing Legacy VTK volume file='mixed_volume_timestep20.vtk'
 
 Writing mixed.flow (version 12.2)
  inserting current history iterations 20
 Time for write: .0 s
 
 
 Begin Mesh Movement, Time Step 21   (Current Step 21)
 Solving linear elasticity equations for mesh deformation
   Elasticity Convergence:
     Search direction     1  residual =  0.00000000E+00   relative_residual =  0.00000000E+00
     Convergence achieved: residual <= tol_rel * initial_residual + tol_abs =  0.20000000E-13
 
 Recomputing distance function:
   Wall spacing: 0.516E+00 min, 0.702E+00 max, 0.640E+00 avg
 
   limiter frozen
   21  0.134195698155475E-04  0.38419E-04  0.28898E+01 -0.25000E+01 -0.85627E+00
       0.309955235816000E-04  0.15290E-03  0.50000E+01 -0.25000E+01 -0.15000E+01
       Lift -0.570638342929137E+00         Drag  0.460762677542322E-02
 
 Writing mixed.flow (version 12.2)
  inserting current history iterations 21
 Time for write: .0 s
 
 
 Begin Mesh Movement, Time Step 22   (Current Step 22)
 Solving linear elasticity equations for mesh deformation
   Elasticity Convergence:
     Search direction     1  residual =  0.00000000E+00   relative_residual =  0.00000000E+00
     Convergence achieved: residual <= tol_rel * initial_residual + tol_abs =  0.20000000E-13
 
 Recomputing distance function:
   Wall spacing: 0.516E+00 min, 0.702E+00 max, 0.640E+00 avg
 
   limiter frozen
   22  0.106094100553372E-04  0.26767E-04  0.50000E+01 -0.25000E+01 -0.25000E+01
       0.242149726190247E-04  0.12018E-03  0.50000E+01 -0.25000E+01 -0.15000E+01
       Lift -0.573851630624946E+00         Drag  0.460655851079937E-02
 
 Writing mixed.flow (version 12.2)
  inserting current history iterations 22
 Time for write: .0 s
 
 
 Begin Mesh Movement, Time Step 23   (Current Step 23)
 Solving linear elasticity equations for mesh deformation
   Elasticity Convergence:
     Search direction     1  residual =  0.00000000E+00   relative_residual =  0.00000000E+00
     Convergence achieved: residual <= tol_rel * initial_residual + tol_abs =  0.20000000E-13
 
 Recomputing distance function:
   Wall spacing: 0.516E+00 min, 0.702E+00 max, 0.640E+00 avg
 
   limiter frozen
   23  0.842674067551011E-05  0.20859E-04  0.40000E+01 -0.41667E+01  0.25000E+01
       0.190209304584647E-04  0.93991E-04  0.50000E+01 -0.25000E+01 -0.15000E+01
       Lift -0.576726345588181E+00         Drag  0.460575172693693E-02
 
 Writing mixed.flow (version 12.2)
  inserting current history iterations 23
 Time for write: .0 s
 
 
 Begin Mesh Movement, Time Step 24   (Current Step 24)
 Solving linear elasticity equations for mesh deformation
   Elasticity Convergence:
     Search direction     1  residual =  0.00000000E+00   relative_residual =  0.00000000E+00
     Convergence achieved: residual <= tol_rel * initial_residual + tol_abs =  0.20000000E-13
 
 Recomputing distance function:
   Wall spacing: 0.516E+00 min, 0.702E+00 max, 0.640E+00 avg
 
   limiter frozen
   24  0.669466817637881E-05  0.18585E-04  0.40000E+01 -0.25000E+01  0.25000E+01
       0.149287737768544E-04  0.73425E-04  0.50000E+01 -0.25000E+01 -0.15000E+01
       Lift -0.579180858272157E+00         Drag  0.460514555502658E-02
 
 Writing mixed.flow (version 12.2)
  inserting current history iterations 24
 Time for write: .0 s
 
 
 Begin Mesh Movement, Time Step 25   (Current Step 25)
 Solving linear elasticity equations for mesh deformation
   Elasticity Convergence:
     Search direction     1  residual =  0.00000000E+00   relative_residual =  0.00000000E+00
     Convergence achieved: residual <= tol_rel * initial_residual + tol_abs =  0.20000000E-13
 
 Recomputing distance function:
   Wall spacing: 0.516E+00 min, 0.702E+00 max, 0.640E+00 avg
 
   limiter frozen
   25  0.531056967206789E-05  0.15820E-04  0.40000E+01 -0.25000E+01  0.25000E+01
       0.117175022085456E-04  0.57225E-04  0.50000E+01 -0.25000E+01 -0.15000E+01
       Lift -0.581115558262995E+00         Drag  0.460469576807775E-02
 
 Writing mixed.flow (version 12.2)
  inserting current history iterations 25
 Time for write: .0 s
 
 
 Begin Mesh Movement, Time Step 26   (Current Step 26)
 Solving linear elasticity equations for mesh deformation
   Elasticity Convergence:
     Search direction     1  residual =  0.00000000E+00   relative_residual =  0.00000000E+00
     Convergence achieved: residual <= tol_rel * initial_residual + tol_abs =  0.20000000E-13
 
 Recomputing distance function:
   Wall spacing: 0.516E+00 min, 0.702E+00 max, 0.640E+00 avg
 
   limiter frozen
   26  0.421072018596528E-05  0.12833E-04  0.40000E+01 -0.25000E+01  0.25000E+01
       0.928568445157944E-05  0.44576E-04  0.50000E+01 -0.25000E+01 -0.15000E+01
       Lift -0.582568051685562E+00         Drag  0.460436577952398E-02
 
 Writing mixed.flow (version 12.2)
  inserting current history iterations 26
 Time for write: .0 s
 
 
 Begin Mesh Movement, Time Step 27   (Current Step 27)
 Solving linear elasticity equations for mesh deformation
   Elasticity Convergence:
     Search direction     1  residual =  0.00000000E+00   relative_residual =  0.00000000E+00
     Convergence achieved: residual <= tol_rel * initial_residual + tol_abs =  0.20000000E-13
 
 Recomputing distance function:
   Wall spacing: 0.516E+00 min, 0.702E+00 max, 0.640E+00 avg
 
   limiter frozen
   27  0.334370370414459E-05  0.98904E-05  0.40000E+01 -0.25000E+01  0.25000E+01
       0.748117221372829E-05  0.34627E-04  0.50000E+01 -0.25000E+01 -0.15000E+01
       Lift -0.583609260747339E+00         Drag  0.460412710112825E-02
 
 Writing mixed.flow (version 12.2)
  inserting current history iterations 27
 Time for write: .0 s
 
 
 Begin Mesh Movement, Time Step 28   (Current Step 28)
 Solving linear elasticity equations for mesh deformation
   Elasticity Convergence:
     Search direction     1  residual =  0.00000000E+00   relative_residual =  0.00000000E+00
     Convergence achieved: residual <= tol_rel * initial_residual + tol_abs =  0.20000000E-13
 
 Recomputing distance function:
   Wall spacing: 0.516E+00 min, 0.702E+00 max, 0.640E+00 avg
 
   limiter frozen
   28  0.266728618938524E-05  0.75257E-05  0.30180E+01 -0.83333E+00  0.92317E+00
       0.622472189505890E-05  0.26713E-04  0.50000E+01 -0.25000E+01 -0.15000E+01
       Lift -0.584318008433930E+00         Drag  0.460395782804883E-02
 
 Writing mixed.flow (version 12.2)
  inserting current history iterations 28
 Time for write: .0 s
 
 
 Begin Mesh Movement, Time Step 29   (Current Step 29)
 Solving linear elasticity equations for mesh deformation
   Elasticity Convergence:
     Search direction     1  residual =  0.00000000E+00   relative_residual =  0.00000000E+00
     Convergence achieved: residual <= tol_rel * initial_residual + tol_abs =  0.20000000E-13
 
 Recomputing distance function:
   Wall spacing: 0.516E+00 min, 0.702E+00 max, 0.640E+00 avg
 
   limiter frozen
   29  0.214526928984932E-05  0.64953E-05  0.30180E+01 -0.83333E+00  0.92317E+00
       0.594381747085580E-05  0.33365E-04  0.25917E+01  0.00000E+00  0.16673E+01
       Lift -0.584770202825161E+00         Drag  0.460384096550584E-02
 
 Writing mixed.flow (version 12.2)
  inserting current history iterations 29
 Time for write: .0 s
 
 
 Begin Mesh Movement, Time Step 30   (Current Step 30)
 Solving linear elasticity equations for mesh deformation
   Elasticity Convergence:
     Search direction     1  residual =  0.00000000E+00   relative_residual =  0.00000000E+00
     Convergence achieved: residual <= tol_rel * initial_residual + tol_abs =  0.20000000E-13
 
 Recomputing distance function:
   Wall spacing: 0.516E+00 min, 0.702E+00 max, 0.640E+00 avg
 
   limiter frozen
   30  0.174655297227558E-05  0.54242E-05  0.30180E+01 -0.83333E+00  0.92317E+00
       0.439073685087768E-05  0.15808E-04  0.34189E+01 -0.41667E+01  0.17262E+01
       Lift -0.585039590566894E+00         Drag  0.460376291543647E-02
 
 Writing boundary output: mixed_tec_boundary_timestep30.dat
  Time step: 30, ntt: 30, Prior iterations: 0
 Writing Legacy VTK volume file='mixed_volume_timestep30.vtk'
 
 Writing mixed.flow (version 12.2)
  inserting current history iterations 30
 Time for write: .0 s
 
 
 Begin Mesh Movement, Time Step 31   (Current Step 31)
 Solving linear elasticity equations for mesh deformation
   Elasticity Convergence:
     Search direction     1  residual =  0.00000000E+00   relative_residual =  0.00000000E+00
     Convergence achieved: residual <= tol_rel * initial_residual + tol_abs =  0.20000000E-13
 
 Recomputing distance function:
   Wall spacing: 0.516E+00 min, 0.702E+00 max, 0.640E+00 avg
 
   limiter frozen
   31  0.144519452124944E-05  0.46390E-05  0.29858E+01 -0.83333E+00 -0.19024E+01
       0.369475851077158E-05  0.14636E-04  0.34189E+01 -0.41667E+01  0.17262E+01
       Lift -0.585169963697351E+00         Drag  0.460371354080588E-02
 
 Writing mixed.flow (version 12.2)
  inserting current history iterations 31
 Time for write: .0 s
 
 
 Begin Mesh Movement, Time Step 32   (Current Step 32)
 Solving linear elasticity equations for mesh deformation
   Elasticity Convergence:
     Search direction     1  residual =  0.00000000E+00   relative_residual =  0.00000000E+00
     Convergence achieved: residual <= tol_rel * initial_residual + tol_abs =  0.20000000E-13
 
 Recomputing distance function:
   Wall spacing: 0.516E+00 min, 0.702E+00 max, 0.640E+00 avg
 
   limiter frozen
   32  0.121639676717855E-05  0.40866E-05  0.29858E+01 -0.83333E+00 -0.19024E+01
       0.317615124699792E-05  0.13183E-04  0.34189E+01 -0.83333E+00  0.17262E+01
       Lift -0.585208566961878E+00         Drag  0.460368440757592E-02
 
 Writing mixed.flow (version 12.2)
  inserting current history iterations 32
 Time for write: .0 s
 
 
 Begin Mesh Movement, Time Step 33   (Current Step 33)
 Solving linear elasticity equations for mesh deformation
   Elasticity Convergence:
     Search direction     1  residual =  0.00000000E+00   relative_residual =  0.00000000E+00
     Convergence achieved: residual <= tol_rel * initial_residual + tol_abs =  0.20000000E-13
 
 Recomputing distance function:
   Wall spacing: 0.516E+00 min, 0.702E+00 max, 0.640E+00 avg
 
   limiter frozen
   33  0.104092014475667E-05  0.35127E-05  0.29858E+01 -0.83333E+00 -0.19024E+01
       0.274232292136197E-05  0.11977E-04  0.40000E+01 -0.83333E+00  0.25000E+01
       Lift -0.585189797513496E+00         Drag  0.460366902780231E-02
 
 Writing mixed.flow (version 12.2)
  inserting current history iterations 33
 Time for write: .0 s
 
 
 Begin Mesh Movement, Time Step 34   (Current Step 34)
 Solving linear elasticity equations for mesh deformation
   Elasticity Convergence:
     Search direction     1  residual =  0.00000000E+00   relative_residual =  0.00000000E+00
     Convergence achieved: residual <= tol_rel * initial_residual + tol_abs =  0.20000000E-13
 
 Recomputing distance function:
   Wall spacing: 0.516E+00 min, 0.702E+00 max, 0.640E+00 avg
 
   limiter frozen
   34  0.902583986394213E-06  0.29496E-05  0.29858E+01 -0.83333E+00 -0.19024E+01
       0.236399713662030E-05  0.11041E-04  0.40000E+01 -0.83333E+00  0.25000E+01
       Lift -0.585137407662270E+00         Drag  0.460366258097801E-02
 
 Writing mixed.flow (version 12.2)
  inserting current history iterations 34
 Time for write: .0 s
 
 
 Begin Mesh Movement, Time Step 35   (Current Step 35)
 Solving linear elasticity equations for mesh deformation
   Elasticity Convergence:
     Search direction     1  residual =  0.00000000E+00   relative_residual =  0.00000000E+00
     Convergence achieved: residual <= tol_rel * initial_residual + tol_abs =  0.20000000E-13
 
 Recomputing distance function:
   Wall spacing: 0.516E+00 min, 0.702E+00 max, 0.640E+00 avg
 
   limiter frozen
   35  0.788958772921883E-06  0.25632E-05  0.44174E+01 -0.41667E+01 -0.17980E+01
       0.260405281885483E-05  0.21903E-04  0.34189E+01 -0.50000E+01  0.17262E+01
       Lift -0.585067298752640E+00         Drag  0.460366158895243E-02
 
 Writing mixed.flow (version 12.2)
  inserting current history iterations 35
 Time for write: .0 s
 
 
 Begin Mesh Movement, Time Step 36   (Current Step 36)
 Solving linear elasticity equations for mesh deformation
   Elasticity Convergence:
     Search direction     1  residual =  0.00000000E+00   relative_residual =  0.00000000E+00
     Convergence achieved: residual <= tol_rel * initial_residual + tol_abs =  0.20000000E-13
 
 Recomputing distance function:
   Wall spacing: 0.516E+00 min, 0.702E+00 max, 0.640E+00 avg
 
   limiter frozen
   36  0.691534875643667E-06  0.23738E-05  0.44174E+01 -0.41667E+01 -0.17980E+01
       0.187196577110635E-05  0.96355E-05  0.34189E+01  0.00000E+00  0.17262E+01
       Lift -0.584989727393957E+00         Drag  0.460366361989578E-02
 
 Writing mixed.flow (version 12.2)
  inserting current history iterations 36
 Time for write: .0 s
 
 
 Begin Mesh Movement, Time Step 37   (Current Step 37)
 Solving linear elasticity equations for mesh deformation
   Elasticity Convergence:
     Search direction     1  residual =  0.00000000E+00   relative_residual =  0.00000000E+00
     Convergence achieved: residual <= tol_rel * initial_residual + tol_abs =  0.20000000E-13
 
 Recomputing distance function:
   Wall spacing: 0.516E+00 min, 0.702E+00 max, 0.640E+00 avg
 
   limiter frozen
   37  0.605135565898705E-06  0.22524E-05  0.40000E+01 -0.25000E+01  0.25000E+01
       0.148649699755248E-05  0.76002E-05  0.40000E+01 -0.83333E+00  0.25000E+01
       Lift -0.584911017874199E+00         Drag  0.460366703600939E-02
 
 Writing mixed.flow (version 12.2)
  inserting current history iterations 37
 Time for write: .0 s
 
 
 Begin Mesh Movement, Time Step 38   (Current Step 38)
 Solving linear elasticity equations for mesh deformation
   Elasticity Convergence:
     Search direction     1  residual =  0.00000000E+00   relative_residual =  0.00000000E+00
     Convergence achieved: residual <= tol_rel * initial_residual + tol_abs =  0.20000000E-13
 
 Recomputing distance function:
   Wall spacing: 0.516E+00 min, 0.702E+00 max, 0.640E+00 avg
 
   limiter frozen
   38  0.526995204244743E-06  0.21103E-05  0.40000E+01 -0.25000E+01  0.25000E+01
       0.121843105154875E-05  0.64653E-05  0.40000E+01 -0.83333E+00  0.25000E+01
       Lift -0.584834843462316E+00         Drag  0.460367078712897E-02
 
 Writing mixed.flow (version 12.2)
  inserting current history iterations 38
 Time for write: .0 s
 
 
 Begin Mesh Movement, Time Step 39   (Current Step 39)
 Solving linear elasticity equations for mesh deformation
   Elasticity Convergence:
     Search direction     1  residual =  0.00000000E+00   relative_residual =  0.00000000E+00
     Convergence achieved: residual <= tol_rel * initial_residual + tol_abs =  0.20000000E-13
 
 Recomputing distance function:
   Wall spacing: 0.516E+00 min, 0.702E+00 max, 0.640E+00 avg
 
   limiter frozen
   39  0.455865675523092E-06  0.19040E-05  0.40000E+01 -0.25000E+01  0.25000E+01
       0.997974932343742E-06  0.54106E-05  0.40000E+01 -0.83333E+00  0.25000E+01
       Lift -0.584763146585492E+00         Drag  0.460367424756951E-02
 
 Writing mixed.flow (version 12.2)
  inserting current history iterations 39
 Time for write: .0 s
 
 
 Begin Mesh Movement, Time Step 40   (Current Step 40)
 Solving linear elasticity equations for mesh deformation
   Elasticity Convergence:
     Search direction     1  residual =  0.00000000E+00   relative_residual =  0.00000000E+00
     Convergence achieved: residual <= tol_rel * initial_residual + tol_abs =  0.20000000E-13
 
 Recomputing distance function:
   Wall spacing: 0.516E+00 min, 0.702E+00 max, 0.640E+00 avg
 
   limiter frozen
   40  0.391321570698555E-06  0.16672E-05  0.40000E+01 -0.25000E+01  0.25000E+01
       0.811247872163135E-06  0.44603E-05  0.40000E+01 -0.41667E+01  0.25000E+01
       Lift -0.584696940361760E+00         Drag  0.460367708492819E-02
 
 Writing boundary output: mixed_tec_boundary_timestep40.dat
  Time step: 40, ntt: 40, Prior iterations: 0
 Writing Legacy VTK volume file='mixed_volume_timestep40.vtk'
 
 Writing mixed.flow (version 12.2)
  inserting current history iterations 40
 Time for write: .0 s
 
 
 Begin Mesh Movement, Time Step 41   (Current Step 41)
 Solving linear elasticity equations for mesh deformation
   Elasticity Convergence:
     Search direction     1  residual =  0.00000000E+00   relative_residual =  0.00000000E+00
     Convergence achieved: residual <= tol_rel * initial_residual + tol_abs =  0.20000000E-13
 
 Recomputing distance function:
   Wall spacing: 0.516E+00 min, 0.702E+00 max, 0.640E+00 avg
 
   limiter frozen
   41  0.333356233634768E-06  0.14253E-05  0.40000E+01 -0.25000E+01  0.25000E+01
       0.652414588430689E-06  0.36240E-05  0.40000E+01 -0.41667E+01  0.25000E+01
       Lift -0.584636183610285E+00         Drag  0.460367918683909E-02
 
 Writing mixed.flow (version 12.2)
  inserting current history iterations 41
 Time for write: .0 s
 
 
 Begin Mesh Movement, Time Step 42   (Current Step 42)
 Solving linear elasticity equations for mesh deformation
   Elasticity Convergence:
     Search direction     1  residual =  0.00000000E+00   relative_residual =  0.00000000E+00
     Convergence achieved: residual <= tol_rel * initial_residual + tol_abs =  0.20000000E-13
 
 Recomputing distance function:
   Wall spacing: 0.516E+00 min, 0.702E+00 max, 0.640E+00 avg
 
   limiter frozen
   42  0.281816572314682E-06  0.11929E-05  0.40000E+01 -0.25000E+01  0.25000E+01
       0.518670565306868E-06  0.29084E-05  0.40000E+01 -0.41667E+01  0.25000E+01
       Lift -0.584580915834010E+00         Drag  0.460368055715393E-02
 
 Writing mixed.flow (version 12.2)
  inserting current history iterations 42
 Time for write: .0 s
 
 
 Begin Mesh Movement, Time Step 43   (Current Step 43)
 Solving linear elasticity equations for mesh deformation
   Elasticity Convergence:
     Search direction     1  residual =  0.00000000E+00   relative_residual =  0.00000000E+00
     Convergence achieved: residual <= tol_rel * initial_residual + tol_abs =  0.20000000E-13
 
 Recomputing distance function:
   Wall spacing: 0.516E+00 min, 0.702E+00 max, 0.640E+00 avg
 
   limiter frozen
   43  0.236653494337891E-06  0.10106E-05  0.40000E+01 -0.33333E+01  0.25000E+01
       0.409702097527685E-06  0.23076E-05  0.40000E+01 -0.83333E+00  0.25000E+01
       Lift -0.584531011364706E+00         Drag  0.460368127928166E-02
 
 Writing mixed.flow (version 12.2)
  inserting current history iterations 43
 Time for write: .0 s
 
 
 Begin Mesh Movement, Time Step 44   (Current Step 44)
 Solving linear elasticity equations for mesh deformation
   Elasticity Convergence:
     Search direction     1  residual =  0.00000000E+00   relative_residual =  0.00000000E+00
     Convergence achieved: residual <= tol_rel * initial_residual + tol_abs =  0.20000000E-13
 
 Recomputing distance function:
   Wall spacing: 0.516E+00 min, 0.702E+00 max, 0.640E+00 avg
 
   limiter frozen
   44  0.197602930365111E-06  0.85803E-06  0.40000E+01 -0.33333E+01  0.25000E+01
       0.321808125321430E-06  0.18117E-05  0.40000E+01 -0.83333E+00  0.25000E+01
       Lift -0.584486315609014E+00         Drag  0.460368147673753E-02
 
 Writing mixed.flow (version 12.2)
  inserting current history iterations 44
 Time for write: .0 s
 
 
 Begin Mesh Movement, Time Step 45   (Current Step 45)
 Solving linear elasticity equations for mesh deformation
   Elasticity Convergence:
     Search direction     1  residual =  0.00000000E+00   relative_residual =  0.00000000E+00
     Convergence achieved: residual <= tol_rel * initial_residual + tol_abs =  0.20000000E-13
 
 Recomputing distance function:
   Wall spacing: 0.516E+00 min, 0.702E+00 max, 0.640E+00 avg
 
   limiter frozen
   45  0.164245393628707E-06  0.72285E-06  0.40000E+01 -0.33333E+01  0.25000E+01
       0.250558538454154E-06  0.14088E-05  0.40000E+01 -0.83333E+00  0.25000E+01
       Lift -0.584446688684700E+00         Drag  0.460368128441125E-02
 
 Writing mixed.flow (version 12.2)
  inserting current history iterations 45
 Time for write: .0 s
 
 
 Begin Mesh Movement, Time Step 46   (Current Step 46)
 Solving linear elasticity equations for mesh deformation
   Elasticity Convergence:
     Search direction     1  residual =  0.00000000E+00   relative_residual =  0.00000000E+00
     Convergence achieved: residual <= tol_rel * initial_residual + tol_abs =  0.20000000E-13
 
 Recomputing distance function:
   Wall spacing: 0.516E+00 min, 0.702E+00 max, 0.640E+00 avg
 
   limiter frozen
   46  0.136051888783065E-06  0.60428E-06  0.40000E+01 -0.33333E+01  0.25000E+01
       0.193492889329621E-06  0.10860E-05  0.40000E+01 -0.83333E+00  0.25000E+01
       Lift -0.584411990649059E+00         Drag  0.460368082976046E-02
 
 Writing mixed.flow (version 12.2)
  inserting current history iterations 46
 Time for write: .0 s
 
 
 Begin Mesh Movement, Time Step 47   (Current Step 47)
 Solving linear elasticity equations for mesh deformation
   Elasticity Convergence:
     Search direction     1  residual =  0.00000000E+00   relative_residual =  0.00000000E+00
     Convergence achieved: residual <= tol_rel * initial_residual + tol_abs =  0.20000000E-13
 
 Recomputing distance function:
   Wall spacing: 0.516E+00 min, 0.702E+00 max, 0.640E+00 avg
 
   limiter frozen
   47  0.112435057523263E-06  0.50393E-06  0.44174E+01 -0.41667E+01 -0.17980E+01
       0.148668645300236E-06  0.83041E-06  0.40000E+01 -0.83333E+00  0.25000E+01
       Lift -0.584382046743759E+00         Drag  0.460368022201094E-02
 
 Writing mixed.flow (version 12.2)
  inserting current history iterations 47
 Time for write: .0 s
 
 
 Begin Mesh Movement, Time Step 48   (Current Step 48)
 Solving linear elasticity equations for mesh deformation
   Elasticity Convergence:
     Search direction     1  residual =  0.00000000E+00   relative_residual =  0.00000000E+00
     Convergence achieved: residual <= tol_rel * initial_residual + tol_abs =  0.20000000E-13
 
 Recomputing distance function:
   Wall spacing: 0.516E+00 min, 0.702E+00 max, 0.640E+00 avg
 
   limiter frozen
   48  0.927978135765185E-07  0.42558E-06  0.44174E+01 -0.41667E+01 -0.17980E+01
       0.113999187921403E-06  0.63046E-06  0.40000E+01 -0.83333E+00  0.25000E+01
       Lift -0.584356617640343E+00         Drag  0.460367954739261E-02
 
 Writing mixed.flow (version 12.2)
  inserting current history iterations 48
 Time for write: .0 s
 
 
 Begin Mesh Movement, Time Step 49   (Current Step 49)
 Solving linear elasticity equations for mesh deformation
   Elasticity Convergence:
     Search direction     1  residual =  0.00000000E+00   relative_residual =  0.00000000E+00
     Convergence achieved: residual <= tol_rel * initial_residual + tol_abs =  0.20000000E-13
 
 Recomputing distance function:
   Wall spacing: 0.516E+00 min, 0.702E+00 max, 0.640E+00 avg
 
   limiter frozen
   49  0.765702228148621E-07  0.36034E-06  0.44174E+01 -0.41667E+01 -0.17980E+01
       0.875240680024491E-07  0.47570E-06  0.40000E+01 -0.83333E+00  0.25000E+01
       Lift -0.584335386379633E+00         Drag  0.460367886864441E-02
 
 Writing mixed.flow (version 12.2)
  inserting current history iterations 49
 Time for write: .0 s
 
 
 Begin Mesh Movement, Time Step 50   (Current Step 50)
 Solving linear elasticity equations for mesh deformation
   Elasticity Convergence:
     Search direction     1  residual =  0.00000000E+00   relative_residual =  0.00000000E+00
     Convergence achieved: residual <= tol_rel * initial_residual + tol_abs =  0.20000000E-13
 
 Recomputing distance function:
   Wall spacing: 0.516E+00 min, 0.702E+00 max, 0.640E+00 avg
 
   limiter frozen
   50  0.632314334061790E-07  0.30641E-06  0.44174E+01 -0.41667E+01 -0.17980E+01
       0.675648817118723E-07  0.35720E-06  0.40000E+01 -0.83333E+00  0.25000E+01
       Lift -0.584317965177619E+00         Drag  0.460367822722120E-02
 
 Writing boundary output: mixed_tec_boundary_timestep50.dat
  Time step: 50, ntt: 50, Prior iterations: 0
 Writing Legacy VTK volume file='mixed_volume_timestep50.vtk'
 
 Writing mixed.flow (version 12.2)
  inserting current history iterations 50
 Time for write: .0 s
 
 
 Begin Mesh Movement, Time Step 51   (Current Step 51)
 Solving linear elasticity equations for mesh deformation
   Elasticity Convergence:
     Search direction     1  residual =  0.00000000E+00   relative_residual =  0.00000000E+00
     Convergence achieved: residual <= tol_rel * initial_residual + tol_abs =  0.20000000E-13
 
 Recomputing distance function:
   Wall spacing: 0.516E+00 min, 0.702E+00 max, 0.640E+00 avg
 
   limiter frozen
   51  0.523188970222236E-07  0.26201E-06  0.44174E+01 -0.41667E+01 -0.17980E+01
       0.527242027491717E-07  0.26739E-06  0.40000E+01 -0.83333E+00  0.25000E+01
       Lift -0.584303911204881E+00         Drag  0.460367764724059E-02
 
 Writing mixed.flow (version 12.2)
  inserting current history iterations 51
 Time for write: .0 s
 
 
 Begin Mesh Movement, Time Step 52   (Current Step 52)
 Solving linear elasticity equations for mesh deformation
   Elasticity Convergence:
     Search direction     1  residual =  0.00000000E+00   relative_residual =  0.00000000E+00
     Convergence achieved: residual <= tol_rel * initial_residual + tol_abs =  0.20000000E-13
 
 Recomputing distance function:
   Wall spacing: 0.516E+00 min, 0.702E+00 max, 0.640E+00 avg
 
   limiter frozen
   52  0.434279854885361E-07  0.22551E-06  0.44174E+01 -0.41667E+01 -0.17980E+01
       0.418394786666706E-07  0.20012E-06  0.40000E+01 -0.83333E+00  0.25000E+01
       Lift -0.584292760842412E+00         Drag  0.460367713945559E-02
 
 Writing mixed.flow (version 12.2)
  inserting current history iterations 52
 Time for write: .0 s
 
 
 Begin Mesh Movement, Time Step 53   (Current Step 53)
 Solving linear elasticity equations for mesh deformation
   Elasticity Convergence:
     Search direction     1  residual =  0.00000000E+00   relative_residual =  0.00000000E+00
     Convergence achieved: residual <= tol_rel * initial_residual + tol_abs =  0.20000000E-13
 
 Recomputing distance function:
   Wall spacing: 0.516E+00 min, 0.702E+00 max, 0.640E+00 avg
 
   limiter frozen
   53  0.362088912337079E-07  0.19544E-06  0.44174E+01 -0.41667E+01 -0.17980E+01
       0.339289950731028E-07  0.16909E-06  0.44174E+01 -0.41667E+01 -0.17980E+01
       Lift -0.584284053775816E+00         Drag  0.460367670550991E-02
 
 Writing mixed.flow (version 12.2)
  inserting current history iterations 53
 Time for write: .0 s
 
 
 Begin Mesh Movement, Time Step 54   (Current Step 54)
 Solving linear elasticity equations for mesh deformation
   Elasticity Convergence:
     Search direction     1  residual =  0.00000000E+00   relative_residual =  0.00000000E+00
     Convergence achieved: residual <= tol_rel * initial_residual + tol_abs =  0.20000000E-13
 
 Recomputing distance function:
   Wall spacing: 0.516E+00 min, 0.702E+00 max, 0.640E+00 avg
 
   limiter frozen
   54  0.303605755975576E-07  0.17051E-06  0.44174E+01 -0.41667E+01 -0.17980E+01
       0.281683312202057E-07  0.14485E-06  0.44174E+01 -0.41667E+01 -0.17980E+01
       Lift -0.584277356907137E+00         Drag  0.460367634140666E-02
 
 Writing mixed.flow (version 12.2)
  inserting current history iterations 54
 Time for write: .0 s
 
 
 Begin Mesh Movement, Time Step 55   (Current Step 55)
 Solving linear elasticity equations for mesh deformation
   Elasticity Convergence:
     Search direction     1  residual =  0.00000000E+00   relative_residual =  0.00000000E+00
     Convergence achieved: residual <= tol_rel * initial_residual + tol_abs =  0.20000000E-13
 
 Recomputing distance function:
   Wall spacing: 0.516E+00 min, 0.702E+00 max, 0.640E+00 avg
 
   limiter frozen
   55  0.256251932700398E-07  0.14965E-06  0.44174E+01 -0.41667E+01 -0.17980E+01
       0.238907626147286E-07  0.12456E-06  0.44174E+01 -0.41667E+01 -0.17980E+01
       Lift -0.584272280571170E+00         Drag  0.460367604016753E-02
 
 Writing mixed.flow (version 12.2)
  inserting current history iterations 55
 Time for write: .0 s
 
 
 Begin Mesh Movement, Time Step 56   (Current Step 56)
 Solving linear elasticity equations for mesh deformation
   Elasticity Convergence:
     Search direction     1  residual =  0.00000000E+00   relative_residual =  0.00000000E+00
     Convergence achieved: residual <= tol_rel * initial_residual + tol_abs =  0.20000000E-13
 
 Recomputing distance function:
   Wall spacing: 0.516E+00 min, 0.702E+00 max, 0.640E+00 avg
 
   limiter frozen
   56  0.217832877212317E-07  0.13199E-06  0.44174E+01 -0.41667E+01 -0.17980E+01
       0.205949930270168E-07  0.10771E-06  0.44174E+01 -0.41667E+01 -0.17980E+01
       Lift -0.584268487001112E+00         Drag  0.460367579368907E-02
 
 Writing mixed.flow (version 12.2)
  inserting current history iterations 56
 Time for write: .0 s
 
 
 Begin Mesh Movement, Time Step 57   (Current Step 57)
 Solving linear elasticity equations for mesh deformation
   Elasticity Convergence:
     Search direction     1  residual =  0.00000000E+00   relative_residual =  0.00000000E+00
     Convergence achieved: residual <= tol_rel * initial_residual + tol_abs =  0.20000000E-13
 
 Recomputing distance function:
   Wall spacing: 0.516E+00 min, 0.702E+00 max, 0.640E+00 avg
 
   limiter frozen
   57  0.186501260877442E-07  0.11685E-06  0.44174E+01 -0.41667E+01 -0.17980E+01
       0.179368664290677E-07  0.93722E-07  0.44174E+01 -0.41667E+01 -0.17980E+01
       Lift -0.584265692360240E+00         Drag  0.460367559389985E-02
 
 Writing mixed.flow (version 12.2)
  inserting current history iterations 57
 Time for write: .0 s
 
 
 Begin Mesh Movement, Time Step 58   (Current Step 58)
 Solving linear elasticity equations for mesh deformation
   Elasticity Convergence:
     Search direction     1  residual =  0.00000000E+00   relative_residual =  0.00000000E+00
     Convergence achieved: residual <= tol_rel * initial_residual + tol_abs =  0.20000000E-13
 
 Recomputing distance function:
   Wall spacing: 0.516E+00 min, 0.702E+00 max, 0.640E+00 avg
 
   limiter frozen
   58  0.160730167574465E-07  0.10369E-06  0.44174E+01 -0.41667E+01 -0.17980E+01
       0.157003481101966E-07  0.81988E-07  0.44174E+01 -0.41667E+01 -0.17980E+01
       Lift -0.584263664169994E+00         Drag  0.460367543337845E-02
 
 Writing mixed.flow (version 12.2)
  inserting current history iterations 58
 Time for write: .0 s
 
 
 Begin Mesh Movement, Time Step 59   (Current Step 59)
 Solving linear elasticity equations for mesh deformation
   Elasticity Convergence:
     Search direction     1  residual =  0.00000000E+00   relative_residual =  0.00000000E+00
     Convergence achieved: residual <= tol_rel * initial_residual + tol_abs =  0.20000000E-13
 
 Recomputing distance function:
   Wall spacing: 0.516E+00 min, 0.702E+00 max, 0.640E+00 avg
 
   limiter frozen
   59  0.139290496964395E-07  0.92117E-07  0.44174E+01 -0.41667E+01 -0.17980E+01
       0.137594210627596E-07  0.71969E-07  0.44174E+01 -0.41667E+01 -0.17980E+01
       Lift -0.584262215986586E+00         Drag  0.460367530560196E-02
 
 Writing mixed.flow (version 12.2)
  inserting current history iterations 59
 Time for write: .0 s
 
 
 Begin Mesh Movement, Time Step 60   (Current Step 60)
 Solving linear elasticity equations for mesh deformation
   Elasticity Convergence:
     Search direction     1  residual =  0.00000000E+00   relative_residual =  0.00000000E+00
     Convergence achieved: residual <= tol_rel * initial_residual + tol_abs =  0.20000000E-13
 
 Recomputing distance function:
   Wall spacing: 0.516E+00 min, 0.702E+00 max, 0.640E+00 avg
 
   limiter frozen
   60  0.121225422633791E-07  0.81848E-07  0.44174E+01 -0.41667E+01 -0.17980E+01
       0.120437456893182E-07  0.63225E-07  0.44174E+01 -0.41667E+01 -0.17980E+01
       Lift -0.584261200926487E+00         Drag  0.460367520497053E-02
 
 Writing boundary output: mixed_tec_boundary_timestep60.dat
  Time step: 60, ntt: 60, Prior iterations: 0
 Writing Legacy VTK volume file='mixed_volume_timestep60.vtk'
 
 Writing mixed.flow (version 12.2)
  inserting current history iterations 60
 Time for write: .0 s
 
 
 Begin Mesh Movement, Time Step 61   (Current Step 61)
 Solving linear elasticity equations for mesh deformation
   Elasticity Convergence:
     Search direction     1  residual =  0.00000000E+00   relative_residual =  0.00000000E+00
     Convergence achieved: residual <= tol_rel * initial_residual + tol_abs =  0.20000000E-13
 
 Recomputing distance function:
   Wall spacing: 0.516E+00 min, 0.702E+00 max, 0.640E+00 avg
 
   limiter frozen
   61  0.105816877385200E-07  0.72671E-07  0.44174E+01 -0.41667E+01 -0.17980E+01
       0.105139498389942E-07  0.55423E-07  0.44174E+01 -0.41667E+01 -0.17980E+01
       Lift -0.584260504773384E+00         Drag  0.460367512673440E-02
 
 Writing mixed.flow (version 12.2)
  inserting current history iterations 61
 Time for write: .0 s
 
 
 Begin Mesh Movement, Time Step 62   (Current Step 62)
 Solving linear elasticity equations for mesh deformation
   Elasticity Convergence:
     Search direction     1  residual =  0.00000000E+00   relative_residual =  0.00000000E+00
     Convergence achieved: residual <= tol_rel * initial_residual + tol_abs =  0.20000000E-13
 
 Recomputing distance function:
   Wall spacing: 0.516E+00 min, 0.702E+00 max, 0.640E+00 avg
 
   limiter frozen
   62  0.925435159756287E-08  0.64437E-07  0.44174E+01 -0.41667E+01 -0.17980E+01
       0.914659821473517E-08  0.48336E-07  0.44174E+01 -0.41667E+01 -0.17980E+01
       Lift -0.584260040115134E+00         Drag  0.460367506686032E-02
 
 Writing mixed.flow (version 12.2)
  inserting current history iterations 62
 Time for write: .0 s
 
 
 Begin Mesh Movement, Time Step 63   (Current Step 63)
 Solving linear elasticity equations for mesh deformation
   Elasticity Convergence:
     Search direction     1  residual =  0.00000000E+00   relative_residual =  0.00000000E+00
     Convergence achieved: residual <= tol_rel * initial_residual + tol_abs =  0.20000000E-13
 
 Recomputing distance function:
   Wall spacing: 0.516E+00 min, 0.702E+00 max, 0.640E+00 avg
 
   limiter frozen
   63  0.810343115251272E-08  0.57037E-07  0.44174E+01 -0.41667E+01 -0.17980E+01
       0.792615463316404E-08  0.41827E-07  0.44174E+01 -0.41667E+01 -0.17980E+01
       Lift -0.584259740811858E+00         Drag  0.460367502192085E-02
 
 Writing mixed.flow (version 12.2)
  inserting current history iterations 63
 Time for write: .0 s
 
 
 Begin Mesh Movement, Time Step 64   (Current Step 64)
 Solving linear elasticity equations for mesh deformation
   Elasticity Convergence:
     Search direction     1  residual =  0.00000000E+00   relative_residual =  0.00000000E+00
     Convergence achieved: residual <= tol_rel * initial_residual + tol_abs =  0.20000000E-13
 
 Recomputing distance function:
   Wall spacing: 0.516E+00 min, 0.702E+00 max, 0.640E+00 avg
 
   limiter frozen
   64  0.710231520585053E-08  0.50391E-07  0.44174E+01 -0.41667E+01 -0.17980E+01
       0.684115026936135E-08  0.35827E-07  0.44174E+01 -0.41667E+01 -0.17980E+01
       Lift -0.584259557479210E+00         Drag  0.460367498899745E-02
 
 Writing mixed.flow (version 12.2)
  inserting current history iterations 64
 Time for write: .0 s
 
 
 Begin Mesh Movement, Time Step 65   (Current Step 65)
 Solving linear elasticity equations for mesh deformation
   Elasticity Convergence:
     Search direction     1  residual =  0.00000000E+00   relative_residual =  0.00000000E+00
     Convergence achieved: residual <= tol_rel * initial_residual + tol_abs =  0.20000000E-13
 
 Recomputing distance function:
   Wall spacing: 0.516E+00 min, 0.702E+00 max, 0.640E+00 avg
 
   limiter frozen
   65  0.623100703887633E-08  0.44436E-07  0.44174E+01 -0.41667E+01 -0.17980E+01
       0.588246964956617E-08  0.30319E-07  0.44174E+01 -0.41667E+01 -0.17980E+01
       Lift -0.584259453763315E+00         Drag  0.460367496560652E-02
 
 Writing mixed.flow (version 12.2)
  inserting current history iterations 65
 Time for write: .0 s
 
 
 Begin Mesh Movement, Time Step 66   (Current Step 66)
 Solving linear elasticity equations for mesh deformation
   Elasticity Convergence:
     Search direction     1  residual =  0.00000000E+00   relative_residual =  0.00000000E+00
     Convergence achieved: residual <= tol_rel * initial_residual + tol_abs =  0.20000000E-13
 
 Recomputing distance function:
   Wall spacing: 0.516E+00 min, 0.702E+00 max, 0.640E+00 avg
 
   limiter frozen
   66  0.547323490098389E-08  0.39119E-07  0.44174E+01 -0.41667E+01 -0.17980E+01
       0.504241848258150E-08  0.25312E-07  0.44174E+01 -0.41667E+01 -0.17980E+01
       Lift -0.584259403309316E+00         Drag  0.460367494964486E-02
 
 Writing mixed.flow (version 12.2)
  inserting current history iterations 66
 Time for write: .0 s
 
 
 Begin Mesh Movement, Time Step 67   (Current Step 67)
 Solving linear elasticity equations for mesh deformation
   Elasticity Convergence:
     Search direction     1  residual =  0.00000000E+00   relative_residual =  0.00000000E+00
     Convergence achieved: residual <= tol_rel * initial_residual + tol_abs =  0.20000000E-13
 
 Recomputing distance function:
   Wall spacing: 0.516E+00 min, 0.702E+00 max, 0.640E+00 avg
 
   limiter frozen
   67  0.481464731102382E-08  0.34393E-07  0.44174E+01 -0.41667E+01 -0.17980E+01
       0.431392676373176E-08  0.20831E-07  0.44174E+01 -0.41667E+01 -0.17980E+01
       Lift -0.584259387322796E+00         Drag  0.460367493934827E-02
 
 Writing mixed.flow (version 12.2)
  inserting current history iterations 67
 Time for write: .0 s
 
 
 Begin Mesh Movement, Time Step 68   (Current Step 68)
 Solving linear elasticity equations for mesh deformation
   Elasticity Convergence:
     Search direction     1  residual =  0.00000000E+00   relative_residual =  0.00000000E+00
     Convergence achieved: residual <= tol_rel * initial_residual + tol_abs =  0.20000000E-13
 
 Recomputing distance function:
   Wall spacing: 0.516E+00 min, 0.702E+00 max, 0.640E+00 avg
 
   limiter frozen
   68  0.424197687922835E-08  0.30211E-07  0.44174E+01 -0.41667E+01 -0.17980E+01
       0.368968412904337E-08  0.16899E-07  0.44174E+01 -0.41667E+01 -0.17980E+01
       Lift -0.584259392635604E+00         Drag  0.460367493325748E-02
 
 Writing mixed.flow (version 12.2)
  inserting current history iterations 68
 Time for write: .0 s
 
 
 Begin Mesh Movement, Time Step 69   (Current Step 69)
 Solving linear elasticity equations for mesh deformation
   Elasticity Convergence:
     Search direction     1  residual =  0.00000000E+00   relative_residual =  0.00000000E+00
     Convergence achieved: residual <= tol_rel * initial_residual + tol_abs =  0.20000000E-13
 
 Recomputing distance function:
   Wall spacing: 0.516E+00 min, 0.702E+00 max, 0.640E+00 avg
 
   limiter frozen
   69  0.374290490016329E-08  0.26527E-07  0.44174E+01 -0.41667E+01 -0.17980E+01
       0.316128188215095E-08  0.13527E-07  0.44174E+01 -0.41667E+01 -0.17980E+01
       Lift -0.584259410195539E+00         Drag  0.460367493018697E-02
 
 Writing mixed.flow (version 12.2)
  inserting current history iterations 69
 Time for write: .0 s
 
 
 Begin Mesh Movement, Time Step 70   (Current Step 70)
 Solving linear elasticity equations for mesh deformation
   Elasticity Convergence:
     Search direction     1  residual =  0.00000000E+00   relative_residual =  0.00000000E+00
     Convergence achieved: residual <= tol_rel * initial_residual + tol_abs =  0.20000000E-13
 
 Recomputing distance function:
   Wall spacing: 0.516E+00 min, 0.702E+00 max, 0.640E+00 avg
 
   limiter frozen
   70  0.330629294237091E-08  0.23295E-07  0.44174E+01 -0.41667E+01 -0.17980E+01
       0.271859711318615E-08  0.10908E-07  0.40000E+01 -0.16667E+01  0.25000E+01
       Lift -0.584259433913505E+00         Drag  0.460367492919440E-02
 
 Writing boundary output: mixed_tec_boundary_timestep70.dat
  Time step: 70, ntt: 70, Prior iterations: 0
 Writing Legacy VTK volume file='mixed_volume_timestep70.vtk'
 
 Writing mixed.flow (version 12.2)
  inserting current history iterations 70
 Time for write: .0 s
 
 
 Begin Mesh Movement, Time Step 71   (Current Step 71)
 Solving linear elasticity equations for mesh deformation
   Elasticity Convergence:
     Search direction     1  residual =  0.00000000E+00   relative_residual =  0.00000000E+00
     Convergence achieved: residual <= tol_rel * initial_residual + tol_abs =  0.20000000E-13
 
 Recomputing distance function:
   Wall spacing: 0.516E+00 min, 0.702E+00 max, 0.640E+00 avg
 
   limiter frozen
   71  0.292247834372813E-08  0.20469E-07  0.44174E+01 -0.41667E+01 -0.17980E+01
       0.234970323225916E-08  0.96007E-08  0.40000E+01 -0.16667E+01  0.25000E+01
       Lift -0.584259459793330E+00         Drag  0.460367492955038E-02
 
 Writing mixed.flow (version 12.2)
  inserting current history iterations 71
 Time for write: .0 s
 
 
 Begin Mesh Movement, Time Step 72   (Current Step 72)
 Solving linear elasticity equations for mesh deformation
   Elasticity Convergence:
     Search direction     1  residual =  0.00000000E+00   relative_residual =  0.00000000E+00
     Convergence achieved: residual <= tol_rel * initial_residual + tol_abs =  0.20000000E-13
 
 Recomputing distance function:
   Wall spacing: 0.516E+00 min, 0.702E+00 max, 0.640E+00 avg
 
   limiter frozen
   72  0.258343418238427E-08  0.18001E-07  0.44174E+01 -0.41667E+01 -0.17980E+01
       0.204148650101799E-08  0.83954E-08  0.40000E+01 -0.16667E+01  0.25000E+01
       Lift -0.584259485311837E+00         Drag  0.460367493070701E-02
 
 Writing mixed.flow (version 12.2)
  inserting current history iterations 72
 Time for write: .0 s
 
 
 Begin Mesh Movement, Time Step 73   (Current Step 73)
 Solving linear elasticity equations for mesh deformation
   Elasticity Convergence:
     Search direction     1  residual =  0.00000000E+00   relative_residual =  0.00000000E+00
     Convergence achieved: residual <= tol_rel * initial_residual + tol_abs =  0.20000000E-13
 
 Recomputing distance function:
   Wall spacing: 0.516E+00 min, 0.702E+00 max, 0.640E+00 avg
 
   limiter frozen
   73  0.228272305191935E-08  0.15849E-07  0.44174E+01 -0.41667E+01 -0.17980E+01
       0.178087024183894E-08  0.72772E-08  0.40000E+01 -0.16667E+01  0.25000E+01
       Lift -0.584259508963463E+00         Drag  0.460367493226802E-02
 
 Writing mixed.flow (version 12.2)
  inserting current history iterations 73
 Time for write: .0 s
 
 
 Begin Mesh Movement, Time Step 74   (Current Step 74)
 Solving linear elasticity equations for mesh deformation
   Elasticity Convergence:
     Search direction     1  residual =  0.00000000E+00   relative_residual =  0.00000000E+00
     Convergence achieved: residual <= tol_rel * initial_residual + tol_abs =  0.20000000E-13
 
 Recomputing distance function:
   Wall spacing: 0.516E+00 min, 0.702E+00 max, 0.640E+00 avg
 
   limiter frozen
   74  0.201527841692409E-08  0.13968E-07  0.44174E+01 -0.41667E+01 -0.17980E+01
       0.155623675354846E-08  0.62395E-08  0.40000E+01 -0.16667E+01  0.25000E+01
       Lift -0.584259529942709E+00         Drag  0.460367493395996E-02
 
 Writing mixed.flow (version 12.2)
  inserting current history iterations 74
 Time for write: .0 s
 
 
 Begin Mesh Movement, Time Step 75   (Current Step 75)
 Solving linear elasticity equations for mesh deformation
   Elasticity Convergence:
     Search direction     1  residual =  0.00000000E+00   relative_residual =  0.00000000E+00
     Convergence achieved: residual <= tol_rel * initial_residual + tol_abs =  0.20000000E-13
 
 Recomputing distance function:
   Wall spacing: 0.516E+00 min, 0.702E+00 max, 0.640E+00 avg
 
   limiter frozen
   75  0.177709865785324E-08  0.12322E-07  0.44174E+01 -0.41667E+01 -0.17980E+01
       0.135853565489199E-08  0.52994E-08  0.29858E+01 -0.41667E+01 -0.19024E+01
       Lift -0.584259547919970E+00         Drag  0.460367493560583E-02
 
 Writing mixed.flow (version 12.2)
  inserting current history iterations 75
 Time for write: .0 s
 
 
 Begin Mesh Movement, Time Step 76   (Current Step 76)
 Solving linear elasticity equations for mesh deformation
   Elasticity Convergence:
     Search direction     1  residual =  0.00000000E+00   relative_residual =  0.00000000E+00
     Convergence achieved: residual <= tol_rel * initial_residual + tol_abs =  0.20000000E-13
 
 Recomputing distance function:
   Wall spacing: 0.516E+00 min, 0.702E+00 max, 0.640E+00 avg
 
   limiter frozen
   76  0.156494114393085E-08  0.10875E-07  0.44174E+01 -0.41667E+01 -0.17980E+01
       0.118174588812958E-08  0.49665E-08  0.29858E+01 -0.41667E+01 -0.19024E+01
       Lift -0.584259562882371E+00         Drag  0.460367493710160E-02
 
 Writing mixed.flow (version 12.2)
  inserting current history iterations 76
 Time for write: .0 s
 
 
 Begin Mesh Movement, Time Step 77   (Current Step 77)
 Solving linear elasticity equations for mesh deformation
   Elasticity Convergence:
     Search direction     1  residual =  0.00000000E+00   relative_residual =  0.00000000E+00
     Convergence achieved: residual <= tol_rel * initial_residual + tol_abs =  0.20000000E-13
 
 Recomputing distance function:
   Wall spacing: 0.516E+00 min, 0.702E+00 max, 0.640E+00 avg
 
   limiter frozen
   77  0.137607503832624E-08  0.95976E-08  0.44174E+01 -0.41667E+01 -0.17980E+01
       0.102267034921975E-08  0.44984E-08  0.29858E+01 -0.41667E+01 -0.19024E+01
       Lift -0.584259575019001E+00         Drag  0.460367493839610E-02
 
 Writing mixed.flow (version 12.2)
  inserting current history iterations 77
 Time for write: .0 s
 
 
 Begin Mesh Movement, Time Step 78   (Current Step 78)
 Solving linear elasticity equations for mesh deformation
   Elasticity Convergence:
     Search direction     1  residual =  0.00000000E+00   relative_residual =  0.00000000E+00
     Convergence achieved: residual <= tol_rel * initial_residual + tol_abs =  0.20000000E-13
 
 Recomputing distance function:
   Wall spacing: 0.516E+00 min, 0.702E+00 max, 0.640E+00 avg
 
   limiter frozen
   78  0.120811522796058E-08  0.84649E-08  0.44174E+01 -0.41667E+01 -0.17980E+01
       0.880260527662483E-09  0.39306E-08  0.29858E+01 -0.41667E+01 -0.19024E+01
       Lift -0.584259584636475E+00         Drag  0.460367493947446E-02
 
 Writing mixed.flow (version 12.2)
  inserting current history iterations 78
 Time for write: .0 s
 
 
 Begin Mesh Movement, Time Step 79   (Current Step 79)
 Solving linear elasticity equations for mesh deformation
   Elasticity Convergence:
     Search direction     1  residual =  0.00000000E+00   relative_residual =  0.00000000E+00
     Convergence achieved: residual <= tol_rel * initial_residual + tol_abs =  0.20000000E-13
 
 Recomputing distance function:
   Wall spacing: 0.516E+00 min, 0.702E+00 max, 0.640E+00 avg
 
   limiter frozen
   79  0.105893044760865E-08  0.74564E-08  0.44174E+01 -0.41667E+01 -0.17980E+01
       0.754718036810012E-09  0.33034E-08  0.29858E+01 -0.41667E+01 -0.19024E+01
       Lift -0.584259592097206E+00         Drag  0.460367494034492E-02
 
 Writing mixed.flow (version 12.2)
  inserting current history iterations 79
 Time for write: .0 s
 
 
 Begin Mesh Movement, Time Step 80   (Current Step 80)
 Solving linear elasticity equations for mesh deformation
   Elasticity Convergence:
     Search direction     1  residual =  0.00000000E+00   relative_residual =  0.00000000E+00
     Convergence achieved: residual <= tol_rel * initial_residual + tol_abs =  0.20000000E-13
 
 Recomputing distance function:
   Wall spacing: 0.516E+00 min, 0.702E+00 max, 0.640E+00 avg
 
   limiter frozen
   80  0.926602652118012E-09  0.65555E-08  0.44174E+01 -0.41667E+01 -0.17980E+01
       0.646567849356395E-09  0.28395E-08  0.44174E+01 -0.41667E+01 -0.17980E+01
       Lift -0.584259597775237E+00         Drag  0.460367494102888E-02
 
 Writing boundary output: mixed_tec_boundary_timestep80.dat
  Time step: 80, ntt: 80, Prior iterations: 0
 Writing Legacy VTK volume file='mixed_volume_timestep80.vtk'
 
 Writing mixed.flow (version 12.2)
  inserting current history iterations 80
 Time for write: .0 s
 
 
 Begin Mesh Movement, Time Step 81   (Current Step 81)
 Solving linear elasticity equations for mesh deformation
   Elasticity Convergence:
     Search direction     1  residual =  0.00000000E+00   relative_residual =  0.00000000E+00
     Convergence achieved: residual <= tol_rel * initial_residual + tol_abs =  0.20000000E-13
 
 Recomputing distance function:
   Wall spacing: 0.516E+00 min, 0.702E+00 max, 0.640E+00 avg
 
   limiter frozen
   81  0.809412213412012E-09  0.57493E-08  0.44174E+01 -0.41667E+01 -0.17980E+01
       0.555840085233358E-09  0.27763E-08  0.44174E+01 -0.41667E+01 -0.17980E+01
       Lift -0.584259602025069E+00         Drag  0.460367494155375E-02
 
 Writing mixed.flow (version 12.2)
  inserting current history iterations 81
 Time for write: .0 s
 
 
 Begin Mesh Movement, Time Step 82   (Current Step 82)
 Solving linear elasticity equations for mesh deformation
   Elasticity Convergence:
     Search direction     1  residual =  0.00000000E+00   relative_residual =  0.00000000E+00
     Convergence achieved: residual <= tol_rel * initial_residual + tol_abs =  0.20000000E-13
 
 Recomputing distance function:
   Wall spacing: 0.516E+00 min, 0.702E+00 max, 0.640E+00 avg
 
   limiter frozen
   82  0.705827879654344E-09  0.50277E-08  0.44174E+01 -0.41667E+01 -0.17980E+01
       0.481494039998036E-09  0.26846E-08  0.44174E+01 -0.41667E+01 -0.17980E+01
       Lift -0.584259605163666E+00         Drag  0.460367494194811E-02
 
 Writing mixed.flow (version 12.2)
  inserting current history iterations 82
 Time for write: .0 s
 
 
 Begin Mesh Movement, Time Step 83   (Current Step 83)
 Solving linear elasticity equations for mesh deformation
   Elasticity Convergence:
     Search direction     1  residual =  0.00000000E+00   relative_residual =  0.00000000E+00
     Convergence achieved: residual <= tol_rel * initial_residual + tol_abs =  0.20000000E-13
 
 Recomputing distance function:
   Wall spacing: 0.516E+00 min, 0.702E+00 max, 0.640E+00 avg
 
   limiter frozen
   83  0.614492062210174E-09  0.43830E-08  0.44174E+01 -0.41667E+01 -0.17980E+01
       0.421243925796627E-09  0.25567E-08  0.44174E+01 -0.41667E+01 -0.17980E+01
       Lift -0.584259607460520E+00         Drag  0.460367494223874E-02
 
 Writing mixed.flow (version 12.2)
  inserting current history iterations 83
 Time for write: .0 s
 
 
 Begin Mesh Movement, Time Step 84   (Current Step 84)
 Solving linear elasticity equations for mesh deformation
   Elasticity Convergence:
     Search direction     1  residual =  0.00000000E+00   relative_residual =  0.00000000E+00
     Convergence achieved: residual <= tol_rel * initial_residual + tol_abs =  0.20000000E-13
 
 Recomputing distance function:
   Wall spacing: 0.516E+00 min, 0.702E+00 max, 0.640E+00 avg
 
   limiter frozen
   84  0.534198168075574E-09  0.38086E-08  0.44174E+01 -0.41667E+01 -0.17980E+01
       0.371880708086565E-09  0.23924E-08  0.44174E+01 -0.41667E+01 -0.17980E+01
       Lift -0.584259609135217E+00         Drag  0.460367494244910E-02
 
 Writing mixed.flow (version 12.2)
  inserting current history iterations 84
 Time for write: .0 s
 
 
 Begin Mesh Movement, Time Step 85   (Current Step 85)
 Solving linear elasticity equations for mesh deformation
   Elasticity Convergence:
     Search direction     1  residual =  0.00000000E+00   relative_residual =  0.00000000E+00
     Convergence achieved: residual <= tol_rel * initial_residual + tol_abs =  0.20000000E-13
 
 Recomputing distance function:
   Wall spacing: 0.516E+00 min, 0.702E+00 max, 0.640E+00 avg
 
   limiter frozen
   85  0.463863012840957E-09  0.32994E-08  0.44174E+01 -0.41667E+01 -0.17980E+01
       0.329966392470377E-09  0.21974E-08  0.44174E+01 -0.41667E+01 -0.17980E+01
       Lift -0.584259610360034E+00         Drag  0.460367494259873E-02
 
 Writing mixed.flow (version 12.2)
  inserting current history iterations 85
 Time for write: .0 s
 
 
 Begin Mesh Movement, Time Step 86   (Current Step 86)
 Solving linear elasticity equations for mesh deformation
   Elasticity Convergence:
     Search direction     1  residual =  0.00000000E+00   relative_residual =  0.00000000E+00
     Convergence achieved: residual <= tol_rel * initial_residual + tol_abs =  0.20000000E-13
 
 Recomputing distance function:
   Wall spacing: 0.516E+00 min, 0.702E+00 max, 0.640E+00 avg
 
   limiter frozen
   86  0.402498729942888E-09  0.28504E-08  0.44174E+01 -0.41667E+01 -0.17980E+01
       0.292560423871113E-09  0.19806E-08  0.44174E+01 -0.41667E+01 -0.17980E+01
       Lift -0.584259611265185E+00         Drag  0.460367494270332E-02
 
 Writing mixed.flow (version 12.2)
  inserting current history iterations 86
 Time for write: .0 s
 
 
 Begin Mesh Movement, Time Step 87   (Current Step 87)
 Solving linear elasticity equations for mesh deformation
   Elasticity Convergence:
     Search direction     1  residual =  0.00000000E+00   relative_residual =  0.00000000E+00
     Convergence achieved: residual <= tol_rel * initial_residual + tol_abs =  0.20000000E-13
 
 Recomputing distance function:
   Wall spacing: 0.516E+00 min, 0.702E+00 max, 0.640E+00 avg
 
   limiter frozen
   87  0.349188645453868E-09  0.24572E-08  0.44174E+01 -0.41667E+01 -0.17980E+01
       0.257664604424115E-09  0.17529E-08  0.44174E+01 -0.41667E+01 -0.17980E+01
       Lift -0.584259611946069E+00         Drag  0.460367494277508E-02
 
 Writing mixed.flow (version 12.2)
  inserting current history iterations 87
 Time for write: .0 s
 
 
 Begin Mesh Movement, Time Step 88   (Current Step 88)
 Solving linear elasticity equations for mesh deformation
   Elasticity Convergence:
     Search direction     1  residual =  0.00000000E+00   relative_residual =  0.00000000E+00
     Convergence achieved: residual <= tol_rel * initial_residual + tol_abs =  0.20000000E-13
 
 Recomputing distance function:
   Wall spacing: 0.516E+00 min, 0.702E+00 max, 0.640E+00 avg
 
   limiter frozen
   88  0.303069360490369E-09  0.21151E-08  0.44174E+01 -0.41667E+01 -0.17980E+01
       0.224303183454371E-09  0.15250E-08  0.44174E+01 -0.41667E+01 -0.17980E+01
       Lift -0.584259612470217E+00         Drag  0.460367494282329E-02
 
 Writing mixed.flow (version 12.2)
  inserting current history iterations 88
 Time for write: .0 s
 
 
 Begin Mesh Movement, Time Step 89   (Current Step 89)
 Solving linear elasticity equations for mesh deformation
   Elasticity Convergence:
     Search direction     1  residual =  0.00000000E+00   relative_residual =  0.00000000E+00
     Convergence achieved: residual <= tol_rel * initial_residual + tol_abs =  0.20000000E-13
 
 Recomputing distance function:
   Wall spacing: 0.516E+00 min, 0.702E+00 max, 0.640E+00 avg
 
   limiter frozen
   89  0.263320194589958E-09  0.18196E-08  0.44174E+01 -0.41667E+01 -0.17980E+01
       0.192347914525861E-09  0.13065E-08  0.44174E+01 -0.41667E+01 -0.17980E+01
       Lift -0.584259612884195E+00         Drag  0.460367494285492E-02
 
 Writing mixed.flow (version 12.2)
  inserting current history iterations 89
 Time for write: .0 s
 
 
 Begin Mesh Movement, Time Step 90   (Current Step 90)
 Solving linear elasticity equations for mesh deformation
   Elasticity Convergence:
     Search direction     1  residual =  0.00000000E+00   relative_residual =  0.00000000E+00
     Convergence achieved: residual <= tol_rel * initial_residual + tol_abs =  0.20000000E-13
 
 Recomputing distance function:
   Wall spacing: 0.516E+00 min, 0.702E+00 max, 0.640E+00 avg
 
   limiter frozen
   90  0.229159868104932E-09  0.15659E-08  0.44174E+01 -0.41667E+01 -0.17980E+01
       0.162241438004801E-09  0.11050E-08  0.44174E+01 -0.41667E+01 -0.17980E+01
       Lift -0.584259613219068E+00         Drag  0.460367494287509E-02
 
 Writing boundary output: mixed_tec_boundary_timestep90.dat
  Time step: 90, ntt: 90, Prior iterations: 0
 Writing Legacy VTK volume file='mixed_volume_timestep90.vtk'
 
 Writing mixed.flow (version 12.2)
  inserting current history iterations 90
 Time for write: .0 s
 
 
 Begin Mesh Movement, Time Step 91   (Current Step 91)
 Solving linear elasticity equations for mesh deformation
   Elasticity Convergence:
     Search direction     1  residual =  0.00000000E+00   relative_residual =  0.00000000E+00
     Convergence achieved: residual <= tol_rel * initial_residual + tol_abs =  0.20000000E-13
 
 Recomputing distance function:
   Wall spacing: 0.516E+00 min, 0.702E+00 max, 0.640E+00 avg
 
   limiter frozen
   91  0.199849403808411E-09  0.13494E-08  0.44174E+01 -0.41667E+01 -0.17980E+01
       0.134723552456023E-09  0.92584E-09  0.44174E+01 -0.41667E+01 -0.17980E+01
       Lift -0.584259613495103E+00         Drag  0.460367494288756E-02
 
 Writing mixed.flow (version 12.2)
  inserting current history iterations 91
 Time for write: .0 s
 
 
 Begin Mesh Movement, Time Step 92   (Current Step 92)
 Solving linear elasticity equations for mesh deformation
   Elasticity Convergence:
     Search direction     1  residual =  0.00000000E+00   relative_residual =  0.00000000E+00
     Convergence achieved: residual <= tol_rel * initial_residual + tol_abs =  0.20000000E-13
 
 Recomputing distance function:
   Wall spacing: 0.516E+00 min, 0.702E+00 max, 0.640E+00 avg
 
   limiter frozen
   92  0.174699851857849E-09  0.11655E-08  0.44174E+01 -0.41667E+01 -0.17980E+01
       0.110603027854816E-09  0.77175E-09  0.44174E+01 -0.41667E+01 -0.17980E+01
       Lift -0.584259613725467E+00         Drag  0.460367494289505E-02
 
 Writing mixed.flow (version 12.2)
  inserting current history iterations 92
 Time for write: .0 s
 
 
 Begin Mesh Movement, Time Step 93   (Current Step 93)
 Solving linear elasticity equations for mesh deformation
   Elasticity Convergence:
     Search direction     1  residual =  0.00000000E+00   relative_residual =  0.00000000E+00
     Convergence achieved: residual <= tol_rel * initial_residual + tol_abs =  0.20000000E-13
 
 Recomputing distance function:
   Wall spacing: 0.516E+00 min, 0.702E+00 max, 0.640E+00 avg
 
   limiter frozen
   93  0.153081980854582E-09  0.10097E-08  0.44174E+01 -0.41667E+01 -0.17980E+01
       0.905685378099950E-10  0.64334E-09  0.44174E+01 -0.41667E+01 -0.17980E+01
       Lift -0.584259613918786E+00         Drag  0.460367494289952E-02
 
 Writing mixed.flow (version 12.2)
  inserting current history iterations 93
 Time for write: .0 s
 
 
 Begin Mesh Movement, Time Step 94   (Current Step 94)
 Solving linear elasticity equations for mesh deformation
   Elasticity Convergence:
     Search direction     1  residual =  0.00000000E+00   relative_residual =  0.00000000E+00
     Convergence achieved: residual <= tol_rel * initial_residual + tol_abs =  0.20000000E-13
 
 Recomputing distance function:
   Wall spacing: 0.516E+00 min, 0.702E+00 max, 0.640E+00 avg
 
   limiter frozen
   94  0.134436157620525E-09  0.87777E-09  0.44174E+01 -0.41667E+01 -0.17980E+01
       0.750041753434816E-10  0.53938E-09  0.44174E+01 -0.41667E+01 -0.17980E+01
       Lift -0.584259614080666E+00         Drag  0.460367494290235E-02
 
 Writing mixed.flow (version 12.2)
  inserting current history iterations 94
 Time for write: .0 s
 
 
 Begin Mesh Movement, Time Step 95   (Current Step 95)
 Solving linear elasticity equations for mesh deformation
   Elasticity Convergence:
     Search direction     1  residual =  0.00000000E+00   relative_residual =  0.00000000E+00
     Convergence achieved: residual <= tol_rel * initial_residual + tol_abs =  0.20000000E-13
 
 Recomputing distance function:
   Wall spacing: 0.516E+00 min, 0.702E+00 max, 0.640E+00 avg
 
   limiter frozen
   95  0.118278627561224E-09  0.76599E-09  0.44174E+01 -0.41667E+01 -0.17980E+01
       0.637968382107082E-10  0.45732E-09  0.44174E+01 -0.41667E+01 -0.17980E+01
       Lift -0.584259614215307E+00         Drag  0.460367494290448E-02
 
 Writing mixed.flow (version 12.2)
  inserting current history iterations 95
 Time for write: .0 s
 
 
 Begin Mesh Movement, Time Step 96   (Current Step 96)
 Solving linear elasticity equations for mesh deformation
   Elasticity Convergence:
     Search direction     1  residual =  0.00000000E+00   relative_residual =  0.00000000E+00
     Convergence achieved: residual <= tol_rel * initial_residual + tol_abs =  0.20000000E-13
 
 Recomputing distance function:
   Wall spacing: 0.516E+00 min, 0.702E+00 max, 0.640E+00 avg
 
   limiter frozen
   96  0.104203592531302E-09  0.67093E-09  0.44174E+01 -0.41667E+01 -0.17980E+01
       0.562322521289825E-10  0.39377E-09  0.44174E+01 -0.41667E+01 -0.17980E+01
       Lift -0.584259614326054E+00         Drag  0.460367494290653E-02
 
 Writing mixed.flow (version 12.2)
  inserting current history iterations 96
 Time for write: .0 s
 
 
 Begin Mesh Movement, Time Step 97   (Current Step 97)
 Solving linear elasticity equations for mesh deformation
   Elasticity Convergence:
     Search direction     1  residual =  0.00000000E+00   relative_residual =  0.00000000E+00
     Convergence achieved: residual <= tol_rel * initial_residual + tol_abs =  0.20000000E-13
 
 Recomputing distance function:
   Wall spacing: 0.516E+00 min, 0.702E+00 max, 0.640E+00 avg
 
   limiter frozen
   97  0.918796157930473E-10  0.58967E-09  0.44174E+01 -0.41667E+01 -0.17980E+01
       0.511611799209120E-10  0.34500E-09  0.44174E+01 -0.41667E+01 -0.17980E+01
       Lift -0.584259614415934E+00         Drag  0.460367494290886E-02
 
 Writing mixed.flow (version 12.2)
  inserting current history iterations 97
 Time for write: .0 s
 
 
 Begin Mesh Movement, Time Step 98   (Current Step 98)
 Solving linear elasticity equations for mesh deformation
   Elasticity Convergence:
     Search direction     1  residual =  0.00000000E+00   relative_residual =  0.00000000E+00
     Convergence achieved: residual <= tol_rel * initial_residual + tol_abs =  0.20000000E-13
 
 Recomputing distance function:
   Wall spacing: 0.516E+00 min, 0.702E+00 max, 0.640E+00 avg
 
   limiter frozen
   98  0.810416535236047E-10  0.51972E-09  0.44174E+01 -0.41667E+01 -0.17980E+01
       0.474070356891880E-10  0.30736E-09  0.44174E+01 -0.41667E+01 -0.17980E+01
       Lift -0.584259614487635E+00         Drag  0.460367494291166E-02
 
 Writing mixed.flow (version 12.2)
  inserting current history iterations 98
 Time for write: .0 s
 
 
 Begin Mesh Movement, Time Step 99   (Current Step 99)
 Solving linear elasticity equations for mesh deformation
   Elasticity Convergence:
     Search direction     1  residual =  0.00000000E+00   relative_residual =  0.00000000E+00
     Convergence achieved: residual <= tol_rel * initial_residual + tol_abs =  0.20000000E-13
 
 Recomputing distance function:
   Wall spacing: 0.516E+00 min, 0.702E+00 max, 0.640E+00 avg
 
   limiter frozen
   99  0.714801722057567E-10  0.45905E-09  0.44174E+01 -0.41667E+01 -0.17980E+01
       0.441075227978545E-10  0.27755E-09  0.44174E+01 -0.41667E+01 -0.17980E+01
       Lift -0.584259614543854E+00         Drag  0.460367494291496E-02
 
 Writing mixed.flow (version 12.2)
  inserting current history iterations 99
 Time for write: .0 s
 
 
 Begin Mesh Movement, Time Step 100   (Current Step 100)
 Solving linear elasticity equations for mesh deformation
   Elasticity Convergence:
     Search direction     1  residual =  0.00000000E+00   relative_residual =  0.00000000E+00
     Convergence achieved: residual <= tol_rel * initial_residual + tol_abs =  0.20000000E-13
 
 Recomputing distance function:
   Wall spacing: 0.516E+00 min, 0.702E+00 max, 0.640E+00 avg
 
   limiter frozen
  100  0.630292682381130E-10  0.40602E-09  0.44174E+01 -0.41667E+01 -0.17980E+01
       0.408021514924481E-10  0.25281E-09  0.44174E+01 -0.41667E+01 -0.17980E+01
       Lift -0.584259614587203E+00         Drag  0.460367494291871E-02
 
 Writing boundary output: mixed_tec_boundary_timestep100.dat
  Time step: 100, ntt: 100, Prior iterations: 0
 Writing Legacy VTK volume file='mixed_volume_timestep100.vtk'
 
 Writing mixed.flow (version 12.2)
  inserting current history iterations 100
 Time for write: .0 s
 
 Current value of function            1  0.000000000000000E+000
 Done.
FUN3D 13.6-c04c9a5b80 Adjoint started 11/02/2021 at 01:52:12 with 1 processes
Contents of ../Flow//fun3d.nml file below------------------------
&project
  project_rootname = 'mixed'
/
&raw_grid
  grid_format = 'aflr3'
  data_format = 'default'
  swap_yz_axes = .true.
/
&governing_equations
  eqn_type      = 'compressible'
  viscous_terms = 'turbulent'
/
&turbulent_diffusion_models
  turbulence_model = 'sa'
/
&reference_physical_properties
  mach_number     = 0.5
  angle_of_attack = 0.0
  reynolds_number = 1.357e4
  temperature     = 300.0
  temperature_units = 'Kelvin'
/
&inviscid_flux_method
flux_construction       = 'roe'
flux_limiter            = 'hvenkat'
smooth_limiter_coeff    = 1.0
freeze_limiter_iteration = 1
/
&code_run_control
  restart_write_freq = 1
  restart_read       = 'off'
  steps              =  100
/
&nonlinear_solver_parameters
  time_accuracy = "steady"
  time_step_nondim =   0.1
  subiterations =          0
  schedule_iteration(1:2) = 1,10
  schedule_cfl(1:2) = 200.0,200.0
  schedule_cflturb(1:2) = 50.0,50.0
/
&elasticity_gmres
  tol = 1.e-14
/
&global
  moving_grid = .true.
  boundary_animation_freq = 10
  volume_animation_freq = 10
/
&slice_data
  nslices	= 1
  slice_z(:)	= .true.
  slice_location(:) = 2.5
/
&boundary_output_variables
  number_of_boundaries = -1
  boundary_list        = '1-6'
  temperature          = .true.
  mach                 = .true.
/
&massoud_output
  funtofem_include_skin_friction = .true.
/
&volume_output_variables
  export_to ='vtk'
  x = .false.
  y = .false.
  z = .false.
  temperature = .true.
  mach = .true.
  p = .true.
/
Contents of ../Flow//fun3d.nml file above------------------------
 The default "stream" data format is being used for the grid format "aflr3".
 Namelist data file ../Flow/moving_body.input successfully opened
   Namelist forced_motion not read
   Namelist observer_motion not read
   Namelist surface_motion_from_file not read
   Namelist motion_from_file not read
   Namelist composite_overset_mesh not read
  ... Use the reference Mach number for the freestream:  T
 Setting Sutherland constant =   198.60 rather than default value of  198.60
 Setting flow solver convergence tolerance to  0.1E-29
 (to prevent unintended kickout from coupling process)
 
 Code_id=           2
 Preparing to read binary AFLR3 grid: ../Flow/mixed.lb8.ugrid
 error opening ../Flow/mixed.lb8.ugrid
 Preparing to read binary AFLR3 grid: ../Flow/mixed.b8.ugrid
 
  nnodes              357
  ntface,nqface       160 120
  ntet,npyr,nprz,nhex 0 0 480 0
 
 Swapping y- and z-points and preserving right-handedness.
 ...y(new) = -z(input)
 ...z(new) = +y(input)
cell statistics: type,      min volume,      max volume, max face angle
cell statistics:  prz,  0.15042162E+00,  0.36906523E+00,   91.913126746
cell statistics:  all,  0.15042162E+00,  0.36906523E+00,   91.913126746

     ... Constructing partition node sets for level-0...                   480 T
     ... Edge Partitioning ....
     ... Boundary partitioning....
     ... Reordering for cache efficiency....
     ... Write global grid information to mixed.grid_info
     ... Time after preprocess TIME/Mem(MB):  ********    239.41    239.41
  NOTE: kappa_umuscl set by grid: .50
 loading design ...
  ... Use the reference Mach number for the freestream:  T
 Setting Sutherland constant =   198.60 rather than default value of  198.60
  Running an aeroelastic case with itime = 0
  -->Setting ignore_grid_velocity to true
  -->Setting need_grid_velocity to false
 
 Recomputing distance function:
   Wall spacing: 0.516E+00 min, 0.702E+00 max, 0.640E+00 avg
 
 Boundary 2 allowed to deform with y=constant constraint
 Boundary 3 allowed to deform with y=constant constraint
 
 Using linear elasticity to reposition grid...
 
 loading design ...
 No active shape variables: exiting from reposition_grid...
 
 Number of Moving Bodies:
  1
 
 Motion Data for Body    1
   Body Name:   bc-6
   Parent Name: 
  Number of Boundaries Defining Body:
    1
  List of Boundaries Defining Body:
    6
  Mesh Movement For Body Motion
   deform
  Component Mesh ID:
    0
  Rotational Motion:
   rotate
    0
   no forced rotation specified
  Translational Motion
   translate
    0
   no forced translation specified
  List of Boundaries Used For Force/Moment Integration:
    6
  Moment Center:
   xmc         ymc         zmc  
   0.00000E+00 0.00000E+00 0.00000E+00
   move_mc
    1
  Surface Files
   No surface files specified
 
 Moving Body Family Trees:
 
   number after each component name is the generation;
   generation 0 motion is relative to inertial frame
   generation 1 motion is relative to generation 0
   generation 2 motion is relative to generation 1, etc
 
   Body Name: bc-6 (0)
    Ancestors:
      none
    Descendants:
      none
 
 Body 1 initial moment center:   0.0000000E+00  0.0000000E+00  0.0000000E+00
 Static aeroelastic adjoint mesh update
 
 Begin Mesh Movement, Time Step 100   (Current Step 100)
 Solving linear elasticity equations for mesh deformation
   Info: initial call to elasticity solver
     Elasticity model: (1/distance)**1.0
     Linear solver: gmres
     Left preconditioner: point-multicolor  Preconditioner iterations: 5
     Initial values for solution taken as zero
     Convergence tolerances: tol_rel = 0.10000000E-13 tol_abs = 0.10000000E-13
   Elasticity Convergence:
     Search direction     1  residual =  0.00000000E+00   relative_residual =  0.00000000E+00
     Convergence achieved: residual <= tol_rel * initial_residual + tol_abs =  0.20000000E-13
 
 Recomputing distance function:
   Wall spacing: 0.516E+00 min, 0.702E+00 max, 0.640E+00 avg
 
 Static adjoint mesh updated moving_grid = .false. now
 Boundary 2 allowed to deform with y=constant constraint
 Boundary 3 allowed to deform with y=constant constraint
 Boundary 2 allowed to deform with y=constant constraint
 Boundary 3 allowed to deform with y=constant constraint
 
 Writing boundary output: mixed_tec_boundary_timestep0.dat
  Time step: 0, ntt: 100, Prior iterations: 0
 Writing Legacy VTK volume file='mixed_volume_timestep0.vtk'
 
 Reading ../Flow/mixed.flow (version  12.20)
 the restart files contains history iterations = 100
 
       Lift -0.584259614587203E+00         Drag  0.460367494291871E-02
 FUN3D Adjoint l2norm_turb: rmax, rms  0.000000000000000E+000
  0.000000000000000E+000
Turb1  0.000000000000000E+00  0.00000E+00  0.00000E+00 -0.50000E+01 -0.25000E+01
 Iter            adjoint RMS  adjoint MAX   X location   Y location   Z location
    1  0.000000000000000E+00  0.00000E+00  0.00000E+00 -0.50000E+01 -0.25000E+01
 Current value of function            1  0.000000000000000E+000
Reduced AOA derivative         =    0.00000000000000E+00
Reduced yaw derivative         =    0.00000000000000E+00
 NNSURF_LEFT            0                     0
[0] Creating TACSAssembler with numOwnedNodes = 242 numElements = 100
[0] BCSRMat: ILU(1000000) Input fill ratio 10.00, actual fill ratio: 2.28, nnz(ILU) = 8780
Transfer scheme [0]: Creating scheme of type MELDThermal...
