FUN3D 13.6-c04c9a5b80 Flow started 11/05/2021 at 13:29:35 with 1 processes
Contents of fun3d.nml file below------------------------
&project
  project_rootname = 'mixed'
/
&raw_grid
  grid_format = 'aflr3'
  data_format = 'default'
  swap_yz_axes = .true.
/
&governing_equations
  eqn_type      = 'compressible'
  viscous_terms = 'inviscid'
/
&reference_physical_properties
  mach_number     = 0.5
  angle_of_attack = 0.0
  reynolds_number = 1.357e4
  temperature     = 300.0
  temperature_units = 'Kelvin'
/
&inviscid_flux_method
flux_construction       = 'roe'
flux_limiter            = 'hvenkat'
smooth_limiter_coeff    = 1.0
freeze_limiter_iteration = 1
/
&code_run_control
  restart_write_freq = 1
  restart_read       = 'off'
  steps              =  100
/
&nonlinear_solver_parameters
  time_accuracy = "steady"
  time_step_nondim =   0.1
  subiterations =          0
  schedule_iteration(1:2) = 1,10
  schedule_cfl(1:2) = 200.0,200.0
  schedule_cflturb(1:2) = 50.0,50.0
/
&elasticity_gmres
  tol = 1.e-14
/
&global
  moving_grid = .true.
  boundary_animation_freq = 10
  volume_animation_freq = 10
/
&slice_data
  nslices	= 1
  slice_z(:)	= .true.
  slice_location(:) = 2.5
/
&boundary_output_variables
  number_of_boundaries = -1
  boundary_list        = '1-6'
  temperature          = .true.
  mach                 = .true.
/
&massoud_output
  funtofem_include_skin_friction = .false.
/
&volume_output_variables
  export_to ='vtk'
  x = .false.
  y = .false.
  z = .false.
  temperature = .true.
  mach = .true.
  p = .true.
/
Contents of fun3d.nml file above------------------------
 The default "stream" data format is being used for the grid format "aflr3".
 Namelist data file moving_body.input successfully opened
   Namelist forced_motion not read
   Namelist observer_motion not read
   Namelist surface_motion_from_file not read
   Namelist motion_from_file not read
   Namelist composite_overset_mesh not read
  ... Use the reference Mach number for the freestream:  T
 Setting flow solver convergence tolerance to  0.1E-29
 (to prevent unintended kickout from coupling process)
 
 loading design ...
 Preparing to read binary AFLR3 grid: mixed.lb8.ugrid
 error opening mixed.lb8.ugrid
 Preparing to read binary AFLR3 grid: mixed.b8.ugrid
 
  nnodes              350
  ntface,nqface       156 120
  ntet,npyr,nprz,nhex 0 0 468 0
 
 Swapping y- and z-points and preserving right-handedness.
 ...y(new) = -z(input)
 ...z(new) = +y(input)
cell statistics: type,      min volume,      max volume, max face angle
cell statistics:  prz,  0.16102838E+00,  0.37936733E+00,   95.233203849
cell statistics:  all,  0.16102838E+00,  0.37936733E+00,   95.233203849

     ... Constructing partition node sets for level-0...                   468 T
     ... Edge Partitioning ....
     ... Boundary partitioning....
     ... Reordering for cache efficiency....
     ... Write global grid information to mixed.grid_info
     ... Time after preprocess TIME/Mem(MB):  ********    139.35    139.35
 Grid Motion Type 
   deform
 
  NOTE: kappa_umuscl set by grid: .50
 
 Grid read complete
  ... Use the reference Mach number for the freestream:  T
 Setting Sutherland constant =   198.60 rather than default value of  198.60
  Running an aeroelastic case with itime = 0
  -->Setting ignore_grid_velocity to true
  -->Setting need_grid_velocity to false
  
  Use of a smooth (differentiable) flux limiter detected
  Examining the grid to compute the reference length....
  The grid based limiter reference length is   0.440133528096967     
  
 
 Computing distance function:
 Boundary 2 allowed to deform with y=constant constraint
 Boundary 3 allowed to deform with y=constant constraint
 
 Number of Moving Bodies:
  1
 
 Motion Data for Body    1
   Body Name:   bc-6
   Parent Name: 
  Number of Boundaries Defining Body:
    1
  List of Boundaries Defining Body:
    6
  Mesh Movement For Body Motion
   deform
  Component Mesh ID:
    0
  Rotational Motion:
   rotate
    0
   no forced rotation specified
  Translational Motion
   translate
    0
   no forced translation specified
  List of Boundaries Used For Force/Moment Integration:
    6
  Moment Center:
   xmc         ymc         zmc  
   0.00000E+00 0.00000E+00 0.00000E+00
   move_mc
    1
  Surface Files
   No surface files specified
 
 Moving Body Family Trees:
 
   number after each component name is the generation;
   generation 0 motion is relative to inertial frame
   generation 1 motion is relative to generation 0
   generation 2 motion is relative to generation 1, etc
 
   Body Name: bc-6 (0)
    Ancestors:
      none
    Descendants:
      none
 
 Body 1 initial moment center:   0.0000000E+00  0.0000000E+00  0.0000000E+00
 Done.
[0] Creating TACSAssembler with numOwnedNodes = 242 numElements = 100
[0] BCSRMat: ILU(1000000) Input fill ratio 10.00, actual fill ratio: 2.28, nnz(ILU) = 8780
Transfer scheme [0]: Creating scheme of type MELDThermal...
FUN3D 13.6-c04c9a5b80 Flow started 11/05/2021 at 13:29:36 with 1 processes
Contents of fun3d.nml file below------------------------
&project
  project_rootname = 'mixed'
/
&raw_grid
  grid_format = 'aflr3'
  data_format = 'default'
  swap_yz_axes = .true.
/
&governing_equations
  eqn_type      = 'compressible'
  viscous_terms = 'inviscid'
/
&reference_physical_properties
  mach_number     = 0.5
  angle_of_attack = 0.0
  reynolds_number = 1.357e4
  temperature     = 300.0
  temperature_units = 'Kelvin'
/
&inviscid_flux_method
flux_construction       = 'roe'
flux_limiter            = 'hvenkat'
smooth_limiter_coeff    = 1.0
freeze_limiter_iteration = 1
/
&code_run_control
  restart_write_freq = 1
  restart_read       = 'off'
  steps              =  100
/
&nonlinear_solver_parameters
  time_accuracy = "steady"
  time_step_nondim =   0.1
  subiterations =          0
  schedule_iteration(1:2) = 1,10
  schedule_cfl(1:2) = 200.0,200.0
  schedule_cflturb(1:2) = 50.0,50.0
/
&elasticity_gmres
  tol = 1.e-14
/
&global
  moving_grid = .true.
  boundary_animation_freq = 10
  volume_animation_freq = 10
/
&slice_data
  nslices	= 1
  slice_z(:)	= .true.
  slice_location(:) = 2.5
/
&boundary_output_variables
  number_of_boundaries = -1
  boundary_list        = '1-6'
  temperature          = .true.
  mach                 = .true.
/
&massoud_output
  funtofem_include_skin_friction = .false.
/
&volume_output_variables
  export_to ='vtk'
  x = .false.
  y = .false.
  z = .false.
  temperature = .true.
  mach = .true.
  p = .true.
/
Contents of fun3d.nml file above------------------------
 The default "stream" data format is being used for the grid format "aflr3".
 Namelist data file moving_body.input successfully opened
   Namelist forced_motion not read
   Namelist observer_motion not read
   Namelist surface_motion_from_file not read
   Namelist motion_from_file not read
   Namelist composite_overset_mesh not read
  ... Use the reference Mach number for the freestream:  T
 Setting Sutherland constant =   198.60 rather than default value of  198.60
 Setting flow solver convergence tolerance to  0.1E-29
 (to prevent unintended kickout from coupling process)
 
 loading design ...
 Preparing to read binary AFLR3 grid: mixed.lb8.ugrid
 error opening mixed.lb8.ugrid
 Preparing to read binary AFLR3 grid: mixed.b8.ugrid
 
  nnodes              350
  ntface,nqface       156 120
  ntet,npyr,nprz,nhex 0 0 468 0
 
 Swapping y- and z-points and preserving right-handedness.
 ...y(new) = -z(input)
 ...z(new) = +y(input)
cell statistics: type,      min volume,      max volume, max face angle
cell statistics:  prz,  0.16102838E+00,  0.37936733E+00,   95.233203849
cell statistics:  all,  0.16102838E+00,  0.37936733E+00,   95.233203849

     ... Constructing partition node sets for level-0...                   468 T
     ... Edge Partitioning ....
     ... Boundary partitioning....
     ... Reordering for cache efficiency....
     ... Write global grid information to mixed.grid_info
     ... Time after preprocess TIME/Mem(MB):  ********    233.63    233.63
  NOTE: kappa_umuscl set by grid: .50
 
 Grid read complete
  ... Use the reference Mach number for the freestream:  T
 Setting Sutherland constant =   198.60 rather than default value of  198.60
  Running an aeroelastic case with itime = 0
  -->Setting ignore_grid_velocity to true
  -->Setting need_grid_velocity to false
  
  Use of a smooth (differentiable) flux limiter detected
  Examining the grid to compute the reference length....
  The grid based limiter reference length is   0.440133528096967     
  
 
 Recomputing distance function:
 Boundary 2 allowed to deform with y=constant constraint
 Boundary 3 allowed to deform with y=constant constraint
 
 Number of Moving Bodies:
  1
 
 Motion Data for Body    1
   Body Name:   bc-6
   Parent Name: 
  Number of Boundaries Defining Body:
    1
  List of Boundaries Defining Body:
    6
  Mesh Movement For Body Motion
   deform
  Component Mesh ID:
    0
  Rotational Motion:
   rotate
    0
   no forced rotation specified
  Translational Motion
   translate
    0
   no forced translation specified
  List of Boundaries Used For Force/Moment Integration:
    6
  Moment Center:
   xmc         ymc         zmc  
   0.00000E+00 0.00000E+00 0.00000E+00
   move_mc
    1
  Surface Files
   No surface files specified
 
 Moving Body Family Trees:
 
   number after each component name is the generation;
   generation 0 motion is relative to inertial frame
   generation 1 motion is relative to generation 0
   generation 2 motion is relative to generation 1, etc
 
   Body Name: bc-6 (0)
    Ancestors:
      none
    Descendants:
      none
 
 Body 1 initial moment center:   0.0000000E+00  0.0000000E+00  0.0000000E+00
 
 Begin Mesh Movement, Time Step 1   (Current Step 1)
 Solving linear elasticity equations for mesh deformation
   Info: initial call to elasticity solver
     Elasticity model: (1/distance)**1.0
     Linear solver: gmres
     Left preconditioner: point-multicolor  Preconditioner iterations: 5
     Initial values for solution taken as zero
     Convergence tolerances: tol_rel = 0.10000000E-13 tol_abs = 0.10000000E-13
   Elasticity Convergence:
     Search direction     1  residual =  0.00000000E+00   relative_residual =  0.00000000E+00
     Convergence achieved: residual <= tol_rel * initial_residual + tol_abs =  0.20000000E-13
 Iter            density_RMS  density_MAX   X-location   Y-location   Z-location
    1  0.427112092924505E-16  0.16653E-15  0.00000E+00 -0.83333E+00  0.30000E+01
       Lift  0.121595855077993E-13         Drag  0.000000000000000E+00
 
 Writing mixed.flow (version 12.2)
  inserting current history iterations 1
 Time for write: .0 s
 
 
 Begin Mesh Movement, Time Step 2   (Current Step 2)
 Solving linear elasticity equations for mesh deformation
   Info: restarting elasticity solver
     Initial values for solution taken as final values from previous step
   Elasticity Convergence:
     Search direction     1  residual =  0.00000000E+00   relative_residual =  0.00000000E+00
     Convergence achieved: residual <= tol_rel * initial_residual + tol_abs =  0.20000000E-13
   limiter frozen
    2  0.769501925713096E-16  0.44409E-15  0.50000E+01 -0.41667E+01  0.30000E+01
       Lift -0.317206578464330E-14         Drag  0.000000000000000E+00
 
 Writing mixed.flow (version 12.2)
  inserting current history iterations 2
 Time for write: .0 s
 
 
 Begin Mesh Movement, Time Step 3   (Current Step 3)
 Solving linear elasticity equations for mesh deformation
   Elasticity Convergence:
     Search direction     1  residual =  0.00000000E+00   relative_residual =  0.00000000E+00
     Convergence achieved: residual <= tol_rel * initial_residual + tol_abs =  0.20000000E-13
   limiter frozen
    3  0.110084548057234E-15  0.88818E-15  0.50000E+01 -0.25000E+01  0.30000E+01
       Lift -0.634413156928661E-14         Drag  0.000000000000000E+00
 
 Writing mixed.flow (version 12.2)
  inserting current history iterations 3
 Time for write: .0 s
 
 
 Begin Mesh Movement, Time Step 4   (Current Step 4)
 Solving linear elasticity equations for mesh deformation
   Elasticity Convergence:
     Search direction     1  residual =  0.00000000E+00   relative_residual =  0.00000000E+00
     Convergence achieved: residual <= tol_rel * initial_residual + tol_abs =  0.20000000E-13
   limiter frozen
    4  0.131248097329431E-15  0.77716E-15  0.50000E+01 -0.25000E+01  0.20000E+01
       Lift -0.475809867696495E-14         Drag  0.000000000000000E+00
 
 Writing mixed.flow (version 12.2)
  inserting current history iterations 4
 Time for write: .0 s
 
 
 Begin Mesh Movement, Time Step 5   (Current Step 5)
 Solving linear elasticity equations for mesh deformation
   Elasticity Convergence:
     Search direction     1  residual =  0.00000000E+00   relative_residual =  0.00000000E+00
     Convergence achieved: residual <= tol_rel * initial_residual + tol_abs =  0.20000000E-13
   limiter frozen
    5  0.138658416966877E-15  0.66613E-15  0.50000E+01 -0.83333E+00  0.10000E+01
       Lift -0.195610723386337E-13         Drag  0.000000000000000E+00
 
 Writing mixed.flow (version 12.2)
  inserting current history iterations 5
 Time for write: .0 s
 
 
 Begin Mesh Movement, Time Step 6   (Current Step 6)
 Solving linear elasticity equations for mesh deformation
   Elasticity Convergence:
     Search direction     1  residual =  0.00000000E+00   relative_residual =  0.00000000E+00
     Convergence achieved: residual <= tol_rel * initial_residual + tol_abs =  0.20000000E-13
   limiter frozen
    6  0.146747102985274E-15  0.72164E-15  0.50000E+01 -0.41667E+01  0.30000E+01
       Lift -0.528677630773883E-15         Drag  0.000000000000000E+00
 
 Writing mixed.flow (version 12.2)
  inserting current history iterations 6
 Time for write: .0 s
 
 
 Begin Mesh Movement, Time Step 7   (Current Step 7)
 Solving linear elasticity equations for mesh deformation
   Elasticity Convergence:
     Search direction     1  residual =  0.00000000E+00   relative_residual =  0.00000000E+00
     Convergence achieved: residual <= tol_rel * initial_residual + tol_abs =  0.20000000E-13
   limiter frozen
    7  0.153407037532548E-15  0.69389E-15  0.50000E+01 -0.25000E+01  0.50000E+01
       Lift -0.200897499694076E-13         Drag  0.000000000000000E+00
 
 Writing mixed.flow (version 12.2)
  inserting current history iterations 7
 Time for write: .0 s
 
 
 Begin Mesh Movement, Time Step 8   (Current Step 8)
 Solving linear elasticity equations for mesh deformation
   Elasticity Convergence:
     Search direction     1  residual =  0.00000000E+00   relative_residual =  0.00000000E+00
     Convergence achieved: residual <= tol_rel * initial_residual + tol_abs =  0.20000000E-13
   limiter frozen
    8  0.154083643511830E-15  0.77716E-15  0.50000E+01 -0.16667E+01  0.30000E+01
       Lift  0.232618157540509E-13         Drag  0.000000000000000E+00
 
 Writing mixed.flow (version 12.2)
  inserting current history iterations 8
 Time for write: .0 s
 
 
 Begin Mesh Movement, Time Step 9   (Current Step 9)
 Solving linear elasticity equations for mesh deformation
   Elasticity Convergence:
     Search direction     1  residual =  0.00000000E+00   relative_residual =  0.00000000E+00
     Convergence achieved: residual <= tol_rel * initial_residual + tol_abs =  0.20000000E-13
   limiter frozen
    9  0.168160420467611E-15  0.72164E-15  0.50000E+01 -0.83333E+00  0.10000E+01
       Lift  0.105735526154777E-14         Drag  0.000000000000000E+00
 
 Writing mixed.flow (version 12.2)
  inserting current history iterations 9
 Time for write: .0 s
 
 
 Begin Mesh Movement, Time Step 10   (Current Step 10)
 Solving linear elasticity equations for mesh deformation
   Elasticity Convergence:
     Search direction     1  residual =  0.00000000E+00   relative_residual =  0.00000000E+00
     Convergence achieved: residual <= tol_rel * initial_residual + tol_abs =  0.20000000E-13
   limiter frozen
   10  0.159329868453920E-15  0.83267E-15  0.50000E+01 -0.41667E+01  0.20000E+01
       Lift  0.793016446160826E-14         Drag  0.000000000000000E+00
 
 Writing boundary output: mixed_tec_boundary_timestep10.dat
  Time step: 10, ntt: 10, Prior iterations: 0
 Writing Legacy VTK volume file='mixed_volume_timestep10.vtk'
 
 Writing mixed.flow (version 12.2)
  inserting current history iterations 10
 Time for write: .0 s
 
 
 Begin Mesh Movement, Time Step 11   (Current Step 11)
 Solving linear elasticity equations for mesh deformation
   Elasticity Convergence:
     Search direction     1  residual =  0.00000000E+00   relative_residual =  0.00000000E+00
     Convergence achieved: residual <= tol_rel * initial_residual + tol_abs =  0.20000000E-13
   limiter frozen
   11  0.158494794159463E-15  0.83267E-15  0.50000E+01 -0.25000E+01  0.40000E+01
       Lift  0.211471052309554E-14         Drag  0.000000000000000E+00
 
 Writing mixed.flow (version 12.2)
  inserting current history iterations 11
 Time for write: .0 s
 
 
 Begin Mesh Movement, Time Step 12   (Current Step 12)
 Solving linear elasticity equations for mesh deformation
   Elasticity Convergence:
     Search direction     1  residual =  0.00000000E+00   relative_residual =  0.00000000E+00
     Convergence achieved: residual <= tol_rel * initial_residual + tol_abs =  0.20000000E-13
   limiter frozen
   12  0.159335786858897E-15  0.77716E-15  0.00000E+00 -0.41667E+01  0.10000E+01
       Lift -0.105735526154777E-14         Drag  0.000000000000000E+00
 
 Writing mixed.flow (version 12.2)
  inserting current history iterations 12
 Time for write: .0 s
 
 
 Begin Mesh Movement, Time Step 13   (Current Step 13)
 Solving linear elasticity equations for mesh deformation
   Elasticity Convergence:
     Search direction     1  residual =  0.00000000E+00   relative_residual =  0.00000000E+00
     Convergence achieved: residual <= tol_rel * initial_residual + tol_abs =  0.20000000E-13
   limiter frozen
   13  0.156087866999061E-15  0.72164E-15  0.50000E+01 -0.16667E+01  0.20000E+01
       Lift -0.422942104619107E-14         Drag  0.000000000000000E+00
 
 Writing mixed.flow (version 12.2)
  inserting current history iterations 13
 Time for write: .0 s
 
 
 Begin Mesh Movement, Time Step 14   (Current Step 14)
 Solving linear elasticity equations for mesh deformation
   Elasticity Convergence:
     Search direction     1  residual =  0.00000000E+00   relative_residual =  0.00000000E+00
     Convergence achieved: residual <= tol_rel * initial_residual + tol_abs =  0.20000000E-13
   limiter frozen
   14  0.148049634534513E-15  0.72164E-15  0.50000E+01 -0.41667E+01  0.10000E+01
       Lift -0.528677630773884E-14         Drag  0.000000000000000E+00
 
 Writing mixed.flow (version 12.2)
  inserting current history iterations 14
 Time for write: .0 s
 
 
 Begin Mesh Movement, Time Step 15   (Current Step 15)
 Solving linear elasticity equations for mesh deformation
   Elasticity Convergence:
     Search direction     1  residual =  0.00000000E+00   relative_residual =  0.00000000E+00
     Convergence achieved: residual <= tol_rel * initial_residual + tol_abs =  0.20000000E-13
   limiter frozen
   15  0.171073675128183E-15  0.83713E-15  0.30000E+01 -0.16667E+01  0.50000E+01
       Lift  0.100448749847038E-13         Drag  0.000000000000000E+00
 
 Writing mixed.flow (version 12.2)
  inserting current history iterations 15
 Time for write: .0 s
 
 
 Begin Mesh Movement, Time Step 16   (Current Step 16)
 Solving linear elasticity equations for mesh deformation
   Elasticity Convergence:
     Search direction     1  residual =  0.00000000E+00   relative_residual =  0.00000000E+00
     Convergence achieved: residual <= tol_rel * initial_residual + tol_abs =  0.20000000E-13
   limiter frozen
   16  0.182100128337366E-15  0.77716E-15  0.50000E+01 -0.83333E+00  0.50000E+01
       Lift  0.793016446160826E-14         Drag  0.000000000000000E+00
 
 Writing mixed.flow (version 12.2)
  inserting current history iterations 16
 Time for write: .0 s
 
 
 Begin Mesh Movement, Time Step 17   (Current Step 17)
 Solving linear elasticity equations for mesh deformation
   Elasticity Convergence:
     Search direction     1  residual =  0.00000000E+00   relative_residual =  0.00000000E+00
     Convergence achieved: residual <= tol_rel * initial_residual + tol_abs =  0.20000000E-13
   limiter frozen
   17  0.178249214633647E-15  0.83267E-15  0.50000E+01 -0.16667E+01  0.30000E+01
       Lift  0.158603289232165E-14         Drag  0.000000000000000E+00
 
 Writing mixed.flow (version 12.2)
  inserting current history iterations 17
 Time for write: .0 s
 
 
 Begin Mesh Movement, Time Step 18   (Current Step 18)
 Solving linear elasticity equations for mesh deformation
   Elasticity Convergence:
     Search direction     1  residual =  0.00000000E+00   relative_residual =  0.00000000E+00
     Convergence achieved: residual <= tol_rel * initial_residual + tol_abs =  0.20000000E-13
   limiter frozen
   18  0.172116961300547E-15  0.83267E-15  0.50000E+01 -0.16667E+01  0.40000E+01
       Lift  0.370074341541719E-14         Drag  0.000000000000000E+00
 
 Writing mixed.flow (version 12.2)
  inserting current history iterations 18
 Time for write: .0 s
 
 
 Begin Mesh Movement, Time Step 19   (Current Step 19)
 Solving linear elasticity equations for mesh deformation
   Elasticity Convergence:
     Search direction     1  residual =  0.00000000E+00   relative_residual =  0.00000000E+00
     Convergence achieved: residual <= tol_rel * initial_residual + tol_abs =  0.20000000E-13
   limiter frozen
   19  0.158196546456897E-15  0.66613E-15  0.00000E+00 -0.41667E+01  0.10000E+01
       Lift  0.898751972315603E-14         Drag  0.000000000000000E+00
 
 Writing mixed.flow (version 12.2)
  inserting current history iterations 19
 Time for write: .0 s
 
 
 Begin Mesh Movement, Time Step 20   (Current Step 20)
 Solving linear elasticity equations for mesh deformation
   Elasticity Convergence:
     Search direction     1  residual =  0.00000000E+00   relative_residual =  0.00000000E+00
     Convergence achieved: residual <= tol_rel * initial_residual + tol_abs =  0.20000000E-13
   limiter frozen
   20  0.192027492959043E-15  0.12212E-14  0.50000E+01 -0.33333E+01  0.20000E+01
       Lift  0.111022302462516E-13         Drag  0.000000000000000E+00
 
 Writing boundary output: mixed_tec_boundary_timestep20.dat
  Time step: 20, ntt: 20, Prior iterations: 0
 Writing Legacy VTK volume file='mixed_volume_timestep20.vtk'
 
 Writing mixed.flow (version 12.2)
  inserting current history iterations 20
 Time for write: .0 s
 
 
 Begin Mesh Movement, Time Step 21   (Current Step 21)
 Solving linear elasticity equations for mesh deformation
   Elasticity Convergence:
     Search direction     1  residual =  0.00000000E+00   relative_residual =  0.00000000E+00
     Convergence achieved: residual <= tol_rel * initial_residual + tol_abs =  0.20000000E-13
   limiter frozen
   21  0.182481301433583E-15  0.94369E-15  0.50000E+01 -0.33333E+01  0.20000E+01
       Lift  0.132169407693471E-13         Drag  0.000000000000000E+00
 
 Writing mixed.flow (version 12.2)
  inserting current history iterations 21
 Time for write: .0 s
 
 
 Begin Mesh Movement, Time Step 22   (Current Step 22)
 Solving linear elasticity equations for mesh deformation
   Elasticity Convergence:
     Search direction     1  residual =  0.00000000E+00   relative_residual =  0.00000000E+00
     Convergence achieved: residual <= tol_rel * initial_residual + tol_abs =  0.20000000E-13
   limiter frozen
   22  0.160714610908445E-15  0.83267E-15  0.50000E+01 -0.16667E+01  0.10000E+01
       Lift  0.422942104619107E-14         Drag  0.000000000000000E+00
 
 Writing mixed.flow (version 12.2)
  inserting current history iterations 22
 Time for write: .0 s
 
 
 Begin Mesh Movement, Time Step 23   (Current Step 23)
 Solving linear elasticity equations for mesh deformation
   Elasticity Convergence:
     Search direction     1  residual =  0.00000000E+00   relative_residual =  0.00000000E+00
     Convergence achieved: residual <= tol_rel * initial_residual + tol_abs =  0.20000000E-13
   limiter frozen
   23  0.162439311887898E-15  0.77716E-15  0.50000E+01 -0.83333E+00  0.30000E+01
       Lift  0.126882631385732E-13         Drag  0.000000000000000E+00
 
 Writing mixed.flow (version 12.2)
  inserting current history iterations 23
 Time for write: .0 s
 
 
 Begin Mesh Movement, Time Step 24   (Current Step 24)
 Solving linear elasticity equations for mesh deformation
   Elasticity Convergence:
     Search direction     1  residual =  0.00000000E+00   relative_residual =  0.00000000E+00
     Convergence achieved: residual <= tol_rel * initial_residual + tol_abs =  0.20000000E-13
   limiter frozen
   24  0.166486698786612E-15  0.88818E-15  0.50000E+01 -0.83333E+00  0.30000E+01
       Lift  0.190323947078598E-13         Drag  0.000000000000000E+00
 
 Writing mixed.flow (version 12.2)
  inserting current history iterations 24
 Time for write: .0 s
 
 
 Begin Mesh Movement, Time Step 25   (Current Step 25)
 Solving linear elasticity equations for mesh deformation
   Elasticity Convergence:
     Search direction     1  residual =  0.00000000E+00   relative_residual =  0.00000000E+00
     Convergence achieved: residual <= tol_rel * initial_residual + tol_abs =  0.20000000E-13
   limiter frozen
   25  0.168044269240712E-15  0.83267E-15  0.50000E+01 -0.25000E+01  0.40000E+01
       Lift  0.264338815386942E-14         Drag  0.000000000000000E+00
 
 Writing mixed.flow (version 12.2)
  inserting current history iterations 25
 Time for write: .0 s
 
 
 Begin Mesh Movement, Time Step 26   (Current Step 26)
 Solving linear elasticity equations for mesh deformation
   Elasticity Convergence:
     Search direction     1  residual =  0.00000000E+00   relative_residual =  0.00000000E+00
     Convergence achieved: residual <= tol_rel * initial_residual + tol_abs =  0.20000000E-13
   limiter frozen
   26  0.153263216353582E-15  0.94369E-15  0.50000E+01 -0.83333E+00  0.30000E+01
       Lift  0.634413156928661E-14         Drag  0.000000000000000E+00
 
 Writing mixed.flow (version 12.2)
  inserting current history iterations 26
 Time for write: .0 s
 
 
 Begin Mesh Movement, Time Step 27   (Current Step 27)
 Solving linear elasticity equations for mesh deformation
   Elasticity Convergence:
     Search direction     1  residual =  0.00000000E+00   relative_residual =  0.00000000E+00
     Convergence achieved: residual <= tol_rel * initial_residual + tol_abs =  0.20000000E-13
   limiter frozen
   27  0.176570417198686E-15  0.77716E-15  0.00000E+00 -0.83333E+00  0.30000E+01
       Lift -0.793016446160826E-14         Drag  0.000000000000000E+00
 
 Writing mixed.flow (version 12.2)
  inserting current history iterations 27
 Time for write: .0 s
 
 
 Begin Mesh Movement, Time Step 28   (Current Step 28)
 Solving linear elasticity equations for mesh deformation
   Elasticity Convergence:
     Search direction     1  residual =  0.00000000E+00   relative_residual =  0.00000000E+00
     Convergence achieved: residual <= tol_rel * initial_residual + tol_abs =  0.20000000E-13
   limiter frozen
   28  0.197548310623520E-15  0.88818E-15  0.50000E+01 -0.33333E+01  0.20000E+01
       Lift  0.211471052309554E-13         Drag  0.000000000000000E+00
 
 Writing mixed.flow (version 12.2)
  inserting current history iterations 28
 Time for write: .0 s
 
 
 Begin Mesh Movement, Time Step 29   (Current Step 29)
 Solving linear elasticity equations for mesh deformation
   Elasticity Convergence:
     Search direction     1  residual =  0.00000000E+00   relative_residual =  0.00000000E+00
     Convergence achieved: residual <= tol_rel * initial_residual + tol_abs =  0.20000000E-13
   limiter frozen
   29  0.164081808022683E-15  0.83267E-15  0.50000E+01 -0.16667E+01  0.20000E+01
       Lift -0.634413156928661E-14         Drag  0.000000000000000E+00
 
 Writing mixed.flow (version 12.2)
  inserting current history iterations 29
 Time for write: .0 s
 
 
 Begin Mesh Movement, Time Step 30   (Current Step 30)
 Solving linear elasticity equations for mesh deformation
   Elasticity Convergence:
     Search direction     1  residual =  0.00000000E+00   relative_residual =  0.00000000E+00
     Convergence achieved: residual <= tol_rel * initial_residual + tol_abs =  0.20000000E-13
   limiter frozen
   30  0.148933445629432E-15  0.77716E-15  0.50000E+01 -0.25000E+01  0.40000E+01
       Lift  0.116309078770254E-13         Drag  0.000000000000000E+00
 
 Writing boundary output: mixed_tec_boundary_timestep30.dat
  Time step: 30, ntt: 30, Prior iterations: 0
 Writing Legacy VTK volume file='mixed_volume_timestep30.vtk'
 
 Writing mixed.flow (version 12.2)
  inserting current history iterations 30
 Time for write: .0 s
 
 
 Begin Mesh Movement, Time Step 31   (Current Step 31)
 Solving linear elasticity equations for mesh deformation
   Elasticity Convergence:
     Search direction     1  residual =  0.00000000E+00   relative_residual =  0.00000000E+00
     Convergence achieved: residual <= tol_rel * initial_residual + tol_abs =  0.20000000E-13
   limiter frozen
   31  0.163092729442830E-15  0.88818E-15  0.50000E+01 -0.16667E+01  0.30000E+01
       Lift -0.845884209238215E-14         Drag  0.000000000000000E+00
 
 Writing mixed.flow (version 12.2)
  inserting current history iterations 31
 Time for write: .0 s
 
 
 Begin Mesh Movement, Time Step 32   (Current Step 32)
 Solving linear elasticity equations for mesh deformation
   Elasticity Convergence:
     Search direction     1  residual =  0.00000000E+00   relative_residual =  0.00000000E+00
     Convergence achieved: residual <= tol_rel * initial_residual + tol_abs =  0.20000000E-13
   limiter frozen
   32  0.160099637240600E-15  0.83267E-15  0.50000E+01 -0.25000E+01  0.40000E+01
       Lift  0.581545393851273E-14         Drag  0.000000000000000E+00
 
 Writing mixed.flow (version 12.2)
  inserting current history iterations 32
 Time for write: .0 s
 
 
 Begin Mesh Movement, Time Step 33   (Current Step 33)
 Solving linear elasticity equations for mesh deformation
   Elasticity Convergence:
     Search direction     1  residual =  0.00000000E+00   relative_residual =  0.00000000E+00
     Convergence achieved: residual <= tol_rel * initial_residual + tol_abs =  0.20000000E-13
   limiter frozen
   33  0.168264507816739E-15  0.77716E-15  0.50000E+01 -0.41667E+01  0.30000E+01
       Lift -0.422942104619107E-14         Drag  0.000000000000000E+00
 
 Writing mixed.flow (version 12.2)
  inserting current history iterations 33
 Time for write: .0 s
 
 
 Begin Mesh Movement, Time Step 34   (Current Step 34)
 Solving linear elasticity equations for mesh deformation
   Elasticity Convergence:
     Search direction     1  residual =  0.00000000E+00   relative_residual =  0.00000000E+00
     Convergence achieved: residual <= tol_rel * initial_residual + tol_abs =  0.20000000E-13
   limiter frozen
   34  0.183463850785929E-15  0.77716E-15  0.50000E+01 -0.25000E+01  0.30000E+01
       Lift  0.158603289232165E-14         Drag  0.000000000000000E+00
 
 Writing mixed.flow (version 12.2)
  inserting current history iterations 34
 Time for write: .0 s
 
 
 Begin Mesh Movement, Time Step 35   (Current Step 35)
 Solving linear elasticity equations for mesh deformation
   Elasticity Convergence:
     Search direction     1  residual =  0.00000000E+00   relative_residual =  0.00000000E+00
     Convergence achieved: residual <= tol_rel * initial_residual + tol_abs =  0.20000000E-13
   limiter frozen
   35  0.169315546322150E-15  0.83267E-15  0.50000E+01 -0.83333E+00  0.30000E+01
       Lift  0.951619735392992E-14         Drag  0.000000000000000E+00
 
 Writing mixed.flow (version 12.2)
  inserting current history iterations 35
 Time for write: .0 s
 
 
 Begin Mesh Movement, Time Step 36   (Current Step 36)
 Solving linear elasticity equations for mesh deformation
   Elasticity Convergence:
     Search direction     1  residual =  0.00000000E+00   relative_residual =  0.00000000E+00
     Convergence achieved: residual <= tol_rel * initial_residual + tol_abs =  0.20000000E-13
   limiter frozen
   36  0.158938209040549E-15  0.61062E-15  0.50000E+01 -0.41667E+01  0.40000E+01
       Lift  0.311919802156592E-13         Drag  0.000000000000000E+00
 
 Writing mixed.flow (version 12.2)
  inserting current history iterations 36
 Time for write: .0 s
 
 
 Begin Mesh Movement, Time Step 37   (Current Step 37)
 Solving linear elasticity equations for mesh deformation
   Elasticity Convergence:
     Search direction     1  residual =  0.00000000E+00   relative_residual =  0.00000000E+00
     Convergence achieved: residual <= tol_rel * initial_residual + tol_abs =  0.20000000E-13
   limiter frozen
   37  0.182538809407783E-15  0.94369E-15  0.50000E+01 -0.16667E+01  0.10000E+01
       Lift  0.370074341541719E-14         Drag  0.000000000000000E+00
 
 Writing mixed.flow (version 12.2)
  inserting current history iterations 37
 Time for write: .0 s
 
 
 Begin Mesh Movement, Time Step 38   (Current Step 38)
 Solving linear elasticity equations for mesh deformation
   Elasticity Convergence:
     Search direction     1  residual =  0.00000000E+00   relative_residual =  0.00000000E+00
     Convergence achieved: residual <= tol_rel * initial_residual + tol_abs =  0.20000000E-13
   limiter frozen
   38  0.179387022818502E-15  0.99920E-15  0.50000E+01 -0.41667E+01  0.40000E+01
       Lift  0.200897499694076E-13         Drag  0.000000000000000E+00
 
 Writing mixed.flow (version 12.2)
  inserting current history iterations 38
 Time for write: .0 s
 
 
 Begin Mesh Movement, Time Step 39   (Current Step 39)
 Solving linear elasticity equations for mesh deformation
   Elasticity Convergence:
     Search direction     1  residual =  0.00000000E+00   relative_residual =  0.00000000E+00
     Convergence achieved: residual <= tol_rel * initial_residual + tol_abs =  0.20000000E-13
   limiter frozen
   39  0.159329605085407E-15  0.88818E-15  0.50000E+01 -0.83333E+00  0.30000E+01
       Lift  0.687280920006050E-14         Drag  0.000000000000000E+00
 
 Writing mixed.flow (version 12.2)
  inserting current history iterations 39
 Time for write: .0 s
 
 
 Begin Mesh Movement, Time Step 40   (Current Step 40)
 Solving linear elasticity equations for mesh deformation
   Elasticity Convergence:
     Search direction     1  residual =  0.00000000E+00   relative_residual =  0.00000000E+00
     Convergence achieved: residual <= tol_rel * initial_residual + tol_abs =  0.20000000E-13
   limiter frozen
   40  0.157702335564255E-15  0.72164E-15  0.50000E+01 -0.33333E+01  0.20000E+01
       Lift  0.105735526154777E-13         Drag  0.000000000000000E+00
 
 Writing boundary output: mixed_tec_boundary_timestep40.dat
  Time step: 40, ntt: 40, Prior iterations: 0
 Writing Legacy VTK volume file='mixed_volume_timestep40.vtk'
 
 Writing mixed.flow (version 12.2)
  inserting current history iterations 40
 Time for write: .0 s
 
 
 Begin Mesh Movement, Time Step 41   (Current Step 41)
 Solving linear elasticity equations for mesh deformation
   Elasticity Convergence:
     Search direction     1  residual =  0.00000000E+00   relative_residual =  0.00000000E+00
     Convergence achieved: residual <= tol_rel * initial_residual + tol_abs =  0.20000000E-13
   limiter frozen
   41  0.175753065783982E-15  0.61062E-15  0.50000E+01 -0.41667E+01  0.30000E+01
       Lift  0.105735526154777E-14         Drag  0.000000000000000E+00
 
 Writing mixed.flow (version 12.2)
  inserting current history iterations 41
 Time for write: .0 s
 
 
 Begin Mesh Movement, Time Step 42   (Current Step 42)
 Solving linear elasticity equations for mesh deformation
   Elasticity Convergence:
     Search direction     1  residual =  0.00000000E+00   relative_residual =  0.00000000E+00
     Convergence achieved: residual <= tol_rel * initial_residual + tol_abs =  0.20000000E-13
   limiter frozen
   42  0.165957085164454E-15  0.12768E-14  0.50000E+01 -0.41667E+01  0.20000E+01
       Lift  0.200897499694076E-13         Drag  0.000000000000000E+00
 
 Writing mixed.flow (version 12.2)
  inserting current history iterations 42
 Time for write: .0 s
 
 
 Begin Mesh Movement, Time Step 43   (Current Step 43)
 Solving linear elasticity equations for mesh deformation
   Elasticity Convergence:
     Search direction     1  residual =  0.00000000E+00   relative_residual =  0.00000000E+00
     Convergence achieved: residual <= tol_rel * initial_residual + tol_abs =  0.20000000E-13
   limiter frozen
   43  0.165674144706855E-15  0.83267E-15  0.50000E+01 -0.41667E+01  0.20000E+01
       Lift -0.148029736616688E-13         Drag  0.000000000000000E+00
 
 Writing mixed.flow (version 12.2)
  inserting current history iterations 43
 Time for write: .0 s
 
 
 Begin Mesh Movement, Time Step 44   (Current Step 44)
 Solving linear elasticity equations for mesh deformation
   Elasticity Convergence:
     Search direction     1  residual =  0.00000000E+00   relative_residual =  0.00000000E+00
     Convergence achieved: residual <= tol_rel * initial_residual + tol_abs =  0.20000000E-13
   limiter frozen
   44  0.168291803351367E-15  0.72164E-15  0.50000E+01 -0.16667E+01  0.30000E+01
       Lift  0.121595855077993E-13         Drag  0.000000000000000E+00
 
 Writing mixed.flow (version 12.2)
  inserting current history iterations 44
 Time for write: .0 s
 
 
 Begin Mesh Movement, Time Step 45   (Current Step 45)
 Solving linear elasticity equations for mesh deformation
   Elasticity Convergence:
     Search direction     1  residual =  0.00000000E+00   relative_residual =  0.00000000E+00
     Convergence achieved: residual <= tol_rel * initial_residual + tol_abs =  0.20000000E-13
   limiter frozen
   45  0.178662639088884E-15  0.61062E-15  0.00000E+00 -0.25000E+01  0.10000E+01
       Lift  0.528677630773885E-15         Drag  0.000000000000000E+00
 
 Writing mixed.flow (version 12.2)
  inserting current history iterations 45
 Time for write: .0 s
 
 
 Begin Mesh Movement, Time Step 46   (Current Step 46)
 Solving linear elasticity equations for mesh deformation
   Elasticity Convergence:
     Search direction     1  residual =  0.00000000E+00   relative_residual =  0.00000000E+00
     Convergence achieved: residual <= tol_rel * initial_residual + tol_abs =  0.20000000E-13
   limiter frozen
   46  0.171597162111560E-15  0.66613E-15  0.50000E+01 -0.16667E+01  0.20000E+01
       Lift  0.148029736616688E-13         Drag  0.000000000000000E+00
 
 Writing mixed.flow (version 12.2)
  inserting current history iterations 46
 Time for write: .0 s
 
 
 Begin Mesh Movement, Time Step 47   (Current Step 47)
 Solving linear elasticity equations for mesh deformation
   Elasticity Convergence:
     Search direction     1  residual =  0.00000000E+00   relative_residual =  0.00000000E+00
     Convergence achieved: residual <= tol_rel * initial_residual + tol_abs =  0.20000000E-13
   limiter frozen
   47  0.203047991567003E-15  0.88818E-15  0.50000E+01 -0.41667E+01  0.50000E+01
       Lift -0.211471052309554E-14         Drag  0.000000000000000E+00
 
 Writing mixed.flow (version 12.2)
  inserting current history iterations 47
 Time for write: .0 s
 
 
 Begin Mesh Movement, Time Step 48   (Current Step 48)
 Solving linear elasticity equations for mesh deformation
   Elasticity Convergence:
     Search direction     1  residual =  0.00000000E+00   relative_residual =  0.00000000E+00
     Convergence achieved: residual <= tol_rel * initial_residual + tol_abs =  0.20000000E-13
   limiter frozen
   48  0.179310447018204E-15  0.68019E-15  0.10000E+01 -0.16667E+01  0.50000E+01
       Lift  0.317206578464330E-13         Drag  0.000000000000000E+00
 
 Writing mixed.flow (version 12.2)
  inserting current history iterations 48
 Time for write: .0 s
 
 
 Begin Mesh Movement, Time Step 49   (Current Step 49)
 Solving linear elasticity equations for mesh deformation
   Elasticity Convergence:
     Search direction     1  residual =  0.00000000E+00   relative_residual =  0.00000000E+00
     Convergence achieved: residual <= tol_rel * initial_residual + tol_abs =  0.20000000E-13
   limiter frozen
   49  0.176115384535098E-15  0.88818E-15  0.50000E+01 -0.25000E+01  0.40000E+01
       Lift  0.317206578464331E-14         Drag  0.000000000000000E+00
 
 Writing mixed.flow (version 12.2)
  inserting current history iterations 49
 Time for write: .0 s
 
 
 Begin Mesh Movement, Time Step 50   (Current Step 50)
 Solving linear elasticity equations for mesh deformation
   Elasticity Convergence:
     Search direction     1  residual =  0.00000000E+00   relative_residual =  0.00000000E+00
     Convergence achieved: residual <= tol_rel * initial_residual + tol_abs =  0.20000000E-13
   limiter frozen
   50  0.151752451525869E-15  0.77621E-15  0.10000E+01 -0.25000E+01  0.50000E+01
       Lift  0.200897499694076E-13         Drag  0.000000000000000E+00
 
 Writing boundary output: mixed_tec_boundary_timestep50.dat
  Time step: 50, ntt: 50, Prior iterations: 0
 Writing Legacy VTK volume file='mixed_volume_timestep50.vtk'
 
 Writing mixed.flow (version 12.2)
  inserting current history iterations 50
 Time for write: .0 s
 
 
 Begin Mesh Movement, Time Step 51   (Current Step 51)
 Solving linear elasticity equations for mesh deformation
   Elasticity Convergence:
     Search direction     1  residual =  0.00000000E+00   relative_residual =  0.00000000E+00
     Convergence achieved: residual <= tol_rel * initial_residual + tol_abs =  0.20000000E-13
   limiter frozen
   51  0.142868380429466E-15  0.77716E-15  0.50000E+01 -0.41667E+01  0.20000E+01
       Lift  0.793016446160826E-14         Drag  0.000000000000000E+00
 
 Writing mixed.flow (version 12.2)
  inserting current history iterations 51
 Time for write: .0 s
 
 
 Begin Mesh Movement, Time Step 52   (Current Step 52)
 Solving linear elasticity equations for mesh deformation
   Elasticity Convergence:
     Search direction     1  residual =  0.00000000E+00   relative_residual =  0.00000000E+00
     Convergence achieved: residual <= tol_rel * initial_residual + tol_abs =  0.20000000E-13
   limiter frozen
   52  0.167635846317854E-15  0.11102E-14  0.50000E+01 -0.83333E+00  0.10000E+01
       Lift  0.158603289232165E-14         Drag  0.000000000000000E+00
 
 Writing mixed.flow (version 12.2)
  inserting current history iterations 52
 Time for write: .0 s
 
 
 Begin Mesh Movement, Time Step 53   (Current Step 53)
 Solving linear elasticity equations for mesh deformation
   Elasticity Convergence:
     Search direction     1  residual =  0.00000000E+00   relative_residual =  0.00000000E+00
     Convergence achieved: residual <= tol_rel * initial_residual + tol_abs =  0.20000000E-13
   limiter frozen
   53  0.159373518101885E-15  0.88818E-15  0.50000E+01 -0.41667E+01  0.40000E+01
       Lift  0.475809867696496E-14         Drag  0.000000000000000E+00
 
 Writing mixed.flow (version 12.2)
  inserting current history iterations 53
 Time for write: .0 s
 
 
 Begin Mesh Movement, Time Step 54   (Current Step 54)
 Solving linear elasticity equations for mesh deformation
   Elasticity Convergence:
     Search direction     1  residual =  0.00000000E+00   relative_residual =  0.00000000E+00
     Convergence achieved: residual <= tol_rel * initial_residual + tol_abs =  0.20000000E-13
   limiter frozen
   54  0.156366394414521E-15  0.99920E-15  0.50000E+01 -0.83333E+00  0.30000E+01
       Lift  0.528677630773884E-14         Drag  0.000000000000000E+00
 
 Writing mixed.flow (version 12.2)
  inserting current history iterations 54
 Time for write: .0 s
 
 
 Begin Mesh Movement, Time Step 55   (Current Step 55)
 Solving linear elasticity equations for mesh deformation
   Elasticity Convergence:
     Search direction     1  residual =  0.00000000E+00   relative_residual =  0.00000000E+00
     Convergence achieved: residual <= tol_rel * initial_residual + tol_abs =  0.20000000E-13
   limiter frozen
   55  0.149058236987226E-15  0.77716E-15  0.50000E+01 -0.41667E+01  0.10000E+01
       Lift  0.206184276001815E-13         Drag  0.000000000000000E+00
 
 Writing mixed.flow (version 12.2)
  inserting current history iterations 55
 Time for write: .0 s
 
 
 Begin Mesh Movement, Time Step 56   (Current Step 56)
 Solving linear elasticity equations for mesh deformation
   Elasticity Convergence:
     Search direction     1  residual =  0.00000000E+00   relative_residual =  0.00000000E+00
     Convergence achieved: residual <= tol_rel * initial_residual + tol_abs =  0.20000000E-13
   limiter frozen
   56  0.172960056898283E-15  0.83913E-15  0.10000E+01 -0.33333E+01  0.50000E+01
       Lift -0.100448749847038E-13         Drag  0.000000000000000E+00
 
 Writing mixed.flow (version 12.2)
  inserting current history iterations 56
 Time for write: .0 s
 
 
 Begin Mesh Movement, Time Step 57   (Current Step 57)
 Solving linear elasticity equations for mesh deformation
   Elasticity Convergence:
     Search direction     1  residual =  0.00000000E+00   relative_residual =  0.00000000E+00
     Convergence achieved: residual <= tol_rel * initial_residual + tol_abs =  0.20000000E-13
   limiter frozen
   57  0.179312566396953E-15  0.88057E-15  0.20000E+01 -0.41667E+01  0.50000E+01
       Lift  0.222044604925031E-13         Drag  0.000000000000000E+00
 
 Writing mixed.flow (version 12.2)
  inserting current history iterations 57
 Time for write: .0 s
 
 
 Begin Mesh Movement, Time Step 58   (Current Step 58)
 Solving linear elasticity equations for mesh deformation
   Elasticity Convergence:
     Search direction     1  residual =  0.00000000E+00   relative_residual =  0.00000000E+00
     Convergence achieved: residual <= tol_rel * initial_residual + tol_abs =  0.20000000E-13
   limiter frozen
   58  0.153339933734371E-15  0.66613E-15  0.50000E+01 -0.25000E+01  0.40000E+01
       Lift  0.634413156928661E-14         Drag  0.000000000000000E+00
 
 Writing mixed.flow (version 12.2)
  inserting current history iterations 58
 Time for write: .0 s
 
 
 Begin Mesh Movement, Time Step 59   (Current Step 59)
 Solving linear elasticity equations for mesh deformation
   Elasticity Convergence:
     Search direction     1  residual =  0.00000000E+00   relative_residual =  0.00000000E+00
     Convergence achieved: residual <= tol_rel * initial_residual + tol_abs =  0.20000000E-13
   limiter frozen
   59  0.148146323580125E-15  0.74189E-15  0.30000E+01 -0.83333E+00  0.50000E+01
       Lift  0.370074341541719E-14         Drag  0.000000000000000E+00
 
 Writing mixed.flow (version 12.2)
  inserting current history iterations 59
 Time for write: .0 s
 
 
 Begin Mesh Movement, Time Step 60   (Current Step 60)
 Solving linear elasticity equations for mesh deformation
   Elasticity Convergence:
     Search direction     1  residual =  0.00000000E+00   relative_residual =  0.00000000E+00
     Convergence achieved: residual <= tol_rel * initial_residual + tol_abs =  0.20000000E-13
   limiter frozen
   60  0.147209877067617E-15  0.10547E-14  0.50000E+01 -0.41667E+01  0.40000E+01
       Lift  0.116309078770255E-13         Drag  0.000000000000000E+00
 
 Writing boundary output: mixed_tec_boundary_timestep60.dat
  Time step: 60, ntt: 60, Prior iterations: 0
 Writing Legacy VTK volume file='mixed_volume_timestep60.vtk'
 
 Writing mixed.flow (version 12.2)
  inserting current history iterations 60
 Time for write: .0 s
 
 
 Begin Mesh Movement, Time Step 61   (Current Step 61)
 Solving linear elasticity equations for mesh deformation
   Elasticity Convergence:
     Search direction     1  residual =  0.00000000E+00   relative_residual =  0.00000000E+00
     Convergence achieved: residual <= tol_rel * initial_residual + tol_abs =  0.20000000E-13
   limiter frozen
   61  0.159963100663182E-15  0.94369E-15  0.50000E+01 -0.83333E+00  0.20000E+01
       Lift  0.163890065539904E-13         Drag  0.000000000000000E+00
 
 Writing mixed.flow (version 12.2)
  inserting current history iterations 61
 Time for write: .0 s
 
 
 Begin Mesh Movement, Time Step 62   (Current Step 62)
 Solving linear elasticity equations for mesh deformation
   Elasticity Convergence:
     Search direction     1  residual =  0.00000000E+00   relative_residual =  0.00000000E+00
     Convergence achieved: residual <= tol_rel * initial_residual + tol_abs =  0.20000000E-13
   limiter frozen
   62  0.156858683333794E-15  0.72164E-15  0.50000E+01 -0.33333E+01  0.40000E+01
       Lift  0.422942104619107E-14         Drag  0.000000000000000E+00
 
 Writing mixed.flow (version 12.2)
  inserting current history iterations 62
 Time for write: .0 s
 
 
 Begin Mesh Movement, Time Step 63   (Current Step 63)
 Solving linear elasticity equations for mesh deformation
   Elasticity Convergence:
     Search direction     1  residual =  0.00000000E+00   relative_residual =  0.00000000E+00
     Convergence achieved: residual <= tol_rel * initial_residual + tol_abs =  0.20000000E-13
   limiter frozen
   63  0.147853251239256E-15  0.72164E-15  0.50000E+01 -0.33333E+01  0.40000E+01
       Lift -0.845884209238214E-14         Drag  0.000000000000000E+00
 
 Writing mixed.flow (version 12.2)
  inserting current history iterations 63
 Time for write: .0 s
 
 
 Begin Mesh Movement, Time Step 64   (Current Step 64)
 Solving linear elasticity equations for mesh deformation
   Elasticity Convergence:
     Search direction     1  residual =  0.00000000E+00   relative_residual =  0.00000000E+00
     Convergence achieved: residual <= tol_rel * initial_residual + tol_abs =  0.20000000E-13
   limiter frozen
   64  0.151295252560778E-15  0.10547E-14  0.50000E+01 -0.16667E+01  0.40000E+01
       Lift  0.581545393851272E-14         Drag  0.000000000000000E+00
 
 Writing mixed.flow (version 12.2)
  inserting current history iterations 64
 Time for write: .0 s
 
 
 Begin Mesh Movement, Time Step 65   (Current Step 65)
 Solving linear elasticity equations for mesh deformation
   Elasticity Convergence:
     Search direction     1  residual =  0.00000000E+00   relative_residual =  0.00000000E+00
     Convergence achieved: residual <= tol_rel * initial_residual + tol_abs =  0.20000000E-13
   limiter frozen
   65  0.166255879664569E-15  0.83267E-15  0.50000E+01 -0.33333E+01  0.20000E+01
       Lift  0.132169407693471E-13         Drag  0.000000000000000E+00
 
 Writing mixed.flow (version 12.2)
  inserting current history iterations 65
 Time for write: .0 s
 
 
 Begin Mesh Movement, Time Step 66   (Current Step 66)
 Solving linear elasticity equations for mesh deformation
   Elasticity Convergence:
     Search direction     1  residual =  0.00000000E+00   relative_residual =  0.00000000E+00
     Convergence achieved: residual <= tol_rel * initial_residual + tol_abs =  0.20000000E-13
   limiter frozen
   66  0.142776589680124E-15  0.66613E-15  0.50000E+01 -0.25000E+01  0.10000E+01
       Lift  0.100448749847038E-13         Drag  0.000000000000000E+00
 
 Writing mixed.flow (version 12.2)
  inserting current history iterations 66
 Time for write: .0 s
 
 
 Begin Mesh Movement, Time Step 67   (Current Step 67)
 Solving linear elasticity equations for mesh deformation
   Elasticity Convergence:
     Search direction     1  residual =  0.00000000E+00   relative_residual =  0.00000000E+00
     Convergence achieved: residual <= tol_rel * initial_residual + tol_abs =  0.20000000E-13
   limiter frozen
   67  0.144189721664750E-15  0.77716E-15  0.50000E+01 -0.33333E+01  0.10000E+01
       Lift -0.126882631385732E-13         Drag  0.000000000000000E+00
 
 Writing mixed.flow (version 12.2)
  inserting current history iterations 67
 Time for write: .0 s
 
 
 Begin Mesh Movement, Time Step 68   (Current Step 68)
 Solving linear elasticity equations for mesh deformation
   Elasticity Convergence:
     Search direction     1  residual =  0.00000000E+00   relative_residual =  0.00000000E+00
     Convergence achieved: residual <= tol_rel * initial_residual + tol_abs =  0.20000000E-13
   limiter frozen
   68  0.153223654113846E-15  0.77716E-15  0.50000E+01 -0.83333E+00  0.30000E+01
       Lift -0.634413156928661E-14         Drag  0.000000000000000E+00
 
 Writing mixed.flow (version 12.2)
  inserting current history iterations 68
 Time for write: .0 s
 
 
 Begin Mesh Movement, Time Step 69   (Current Step 69)
 Solving linear elasticity equations for mesh deformation
   Elasticity Convergence:
     Search direction     1  residual =  0.00000000E+00   relative_residual =  0.00000000E+00
     Convergence achieved: residual <= tol_rel * initial_residual + tol_abs =  0.20000000E-13
   limiter frozen
   69  0.174408398866648E-15  0.94369E-15  0.50000E+01 -0.16667E+01  0.10000E+01
       Lift  0.740148683083438E-14         Drag  0.000000000000000E+00
 
 Writing mixed.flow (version 12.2)
  inserting current history iterations 69
 Time for write: .0 s
 
 
 Begin Mesh Movement, Time Step 70   (Current Step 70)
 Solving linear elasticity equations for mesh deformation
   Elasticity Convergence:
     Search direction     1  residual =  0.00000000E+00   relative_residual =  0.00000000E+00
     Convergence achieved: residual <= tol_rel * initial_residual + tol_abs =  0.20000000E-13
   limiter frozen
   70  0.167448997897123E-15  0.83267E-15  0.50000E+01 -0.33333E+01  0.10000E+01
       Lift -0.951619735392991E-14         Drag  0.000000000000000E+00
 
 Writing boundary output: mixed_tec_boundary_timestep70.dat
  Time step: 70, ntt: 70, Prior iterations: 0
 Writing Legacy VTK volume file='mixed_volume_timestep70.vtk'
 
 Writing mixed.flow (version 12.2)
  inserting current history iterations 70
 Time for write: .0 s
 
 
 Begin Mesh Movement, Time Step 71   (Current Step 71)
 Solving linear elasticity equations for mesh deformation
   Elasticity Convergence:
     Search direction     1  residual =  0.00000000E+00   relative_residual =  0.00000000E+00
     Convergence achieved: residual <= tol_rel * initial_residual + tol_abs =  0.20000000E-13
   limiter frozen
   71  0.152136186801067E-15  0.66613E-15  0.50000E+01 -0.41667E+01  0.40000E+01
       Lift -0.105735526154777E-14         Drag  0.000000000000000E+00
 
 Writing mixed.flow (version 12.2)
  inserting current history iterations 71
 Time for write: .0 s
 
 
 Begin Mesh Movement, Time Step 72   (Current Step 72)
 Solving linear elasticity equations for mesh deformation
   Elasticity Convergence:
     Search direction     1  residual =  0.00000000E+00   relative_residual =  0.00000000E+00
     Convergence achieved: residual <= tol_rel * initial_residual + tol_abs =  0.20000000E-13
   limiter frozen
   72  0.150323424846466E-15  0.72164E-15  0.50000E+01 -0.41667E+01  0.40000E+01
       Lift  0.158603289232165E-13         Drag  0.000000000000000E+00
 
 Writing mixed.flow (version 12.2)
  inserting current history iterations 72
 Time for write: .0 s
 
 
 Begin Mesh Movement, Time Step 73   (Current Step 73)
 Solving linear elasticity equations for mesh deformation
   Elasticity Convergence:
     Search direction     1  residual =  0.00000000E+00   relative_residual =  0.00000000E+00
     Convergence achieved: residual <= tol_rel * initial_residual + tol_abs =  0.20000000E-13
   limiter frozen
   73  0.169024333588450E-15  0.77716E-15  0.50000E+01 -0.16667E+01  0.30000E+01
       Lift  0.370074341541719E-14         Drag  0.000000000000000E+00
 
 Writing mixed.flow (version 12.2)
  inserting current history iterations 73
 Time for write: .0 s
 
 
 Begin Mesh Movement, Time Step 74   (Current Step 74)
 Solving linear elasticity equations for mesh deformation
   Elasticity Convergence:
     Search direction     1  residual =  0.00000000E+00   relative_residual =  0.00000000E+00
     Convergence achieved: residual <= tol_rel * initial_residual + tol_abs =  0.20000000E-13
   limiter frozen
   74  0.165129402321596E-15  0.83267E-15  0.50000E+01 -0.33333E+01  0.30000E+01
       Lift -0.105735526154777E-13         Drag  0.000000000000000E+00
 
 Writing mixed.flow (version 12.2)
  inserting current history iterations 74
 Time for write: .0 s
 
 
 Begin Mesh Movement, Time Step 75   (Current Step 75)
 Solving linear elasticity equations for mesh deformation
   Elasticity Convergence:
     Search direction     1  residual =  0.00000000E+00   relative_residual =  0.00000000E+00
     Convergence achieved: residual <= tol_rel * initial_residual + tol_abs =  0.20000000E-13
   limiter frozen
   75  0.194012091779244E-15  0.94369E-15  0.50000E+01 -0.41667E+01  0.40000E+01
       Lift -0.158603289232165E-14         Drag  0.000000000000000E+00
 
 Writing mixed.flow (version 12.2)
  inserting current history iterations 75
 Time for write: .0 s
 
 
 Begin Mesh Movement, Time Step 76   (Current Step 76)
 Solving linear elasticity equations for mesh deformation
   Elasticity Convergence:
     Search direction     1  residual =  0.00000000E+00   relative_residual =  0.00000000E+00
     Convergence achieved: residual <= tol_rel * initial_residual + tol_abs =  0.20000000E-13
   limiter frozen
   76  0.155820770832739E-15  0.69389E-15  0.50000E+01 -0.83333E+00  0.50000E+01
       Lift  0.153316512924426E-13         Drag  0.000000000000000E+00
 
 Writing mixed.flow (version 12.2)
  inserting current history iterations 76
 Time for write: .0 s
 
 
 Begin Mesh Movement, Time Step 77   (Current Step 77)
 Solving linear elasticity equations for mesh deformation
   Elasticity Convergence:
     Search direction     1  residual =  0.00000000E+00   relative_residual =  0.00000000E+00
     Convergence achieved: residual <= tol_rel * initial_residual + tol_abs =  0.20000000E-13
   limiter frozen
   77  0.160922069633933E-15  0.10088E-14  0.40000E+01 -0.33333E+01  0.50000E+01
       Lift  0.142742960308949E-13         Drag  0.000000000000000E+00
 
 Writing mixed.flow (version 12.2)
  inserting current history iterations 77
 Time for write: .0 s
 
 
 Begin Mesh Movement, Time Step 78   (Current Step 78)
 Solving linear elasticity equations for mesh deformation
   Elasticity Convergence:
     Search direction     1  residual =  0.00000000E+00   relative_residual =  0.00000000E+00
     Convergence achieved: residual <= tol_rel * initial_residual + tol_abs =  0.20000000E-13
   limiter frozen
   78  0.162333174192159E-15  0.77716E-15  0.50000E+01 -0.41667E+01  0.30000E+01
       Lift  0.105735526154777E-14         Drag  0.000000000000000E+00
 
 Writing mixed.flow (version 12.2)
  inserting current history iterations 78
 Time for write: .0 s
 
 
 Begin Mesh Movement, Time Step 79   (Current Step 79)
 Solving linear elasticity equations for mesh deformation
   Elasticity Convergence:
     Search direction     1  residual =  0.00000000E+00   relative_residual =  0.00000000E+00
     Convergence achieved: residual <= tol_rel * initial_residual + tol_abs =  0.20000000E-13
   limiter frozen
   79  0.154103900157314E-15  0.78271E-15  0.20000E+01 -0.33333E+01  0.50000E+01
       Lift  0.581545393851272E-14         Drag  0.000000000000000E+00
 
 Writing mixed.flow (version 12.2)
  inserting current history iterations 79
 Time for write: .0 s
 
 
 Begin Mesh Movement, Time Step 80   (Current Step 80)
 Solving linear elasticity equations for mesh deformation
   Elasticity Convergence:
     Search direction     1  residual =  0.00000000E+00   relative_residual =  0.00000000E+00
     Convergence achieved: residual <= tol_rel * initial_residual + tol_abs =  0.20000000E-13
   limiter frozen
   80  0.145473330183630E-15  0.83267E-15  0.50000E+01 -0.41667E+01  0.40000E+01
       Lift  0.232618157540509E-13         Drag  0.000000000000000E+00
 
 Writing boundary output: mixed_tec_boundary_timestep80.dat
  Time step: 80, ntt: 80, Prior iterations: 0
 Writing Legacy VTK volume file='mixed_volume_timestep80.vtk'
 
 Writing mixed.flow (version 12.2)
  inserting current history iterations 80
 Time for write: .0 s
 
 
 Begin Mesh Movement, Time Step 81   (Current Step 81)
 Solving linear elasticity equations for mesh deformation
   Elasticity Convergence:
     Search direction     1  residual =  0.00000000E+00   relative_residual =  0.00000000E+00
     Convergence achieved: residual <= tol_rel * initial_residual + tol_abs =  0.20000000E-13
   limiter frozen
   81  0.148277150358590E-15  0.83267E-15  0.50000E+01 -0.83333E+00  0.10000E+01
       Lift  0.317206578464331E-14         Drag  0.000000000000000E+00
 
 Writing mixed.flow (version 12.2)
  inserting current history iterations 81
 Time for write: .0 s
 
 
 Begin Mesh Movement, Time Step 82   (Current Step 82)
 Solving linear elasticity equations for mesh deformation
   Elasticity Convergence:
     Search direction     1  residual =  0.00000000E+00   relative_residual =  0.00000000E+00
     Convergence achieved: residual <= tol_rel * initial_residual + tol_abs =  0.20000000E-13
   limiter frozen
   82  0.140614026302218E-15  0.72164E-15  0.50000E+01 -0.41667E+01  0.10000E+01
       Lift -0.687280920006049E-14         Drag  0.000000000000000E+00
 
 Writing mixed.flow (version 12.2)
  inserting current history iterations 82
 Time for write: .0 s
 
 
 Begin Mesh Movement, Time Step 83   (Current Step 83)
 Solving linear elasticity equations for mesh deformation
   Elasticity Convergence:
     Search direction     1  residual =  0.00000000E+00   relative_residual =  0.00000000E+00
     Convergence achieved: residual <= tol_rel * initial_residual + tol_abs =  0.20000000E-13
   limiter frozen
   83  0.136969213809844E-15  0.77716E-15  0.50000E+01 -0.16667E+01  0.10000E+01
       Lift  0.898751972315603E-14         Drag  0.000000000000000E+00
 
 Writing mixed.flow (version 12.2)
  inserting current history iterations 83
 Time for write: .0 s
 
 
 Begin Mesh Movement, Time Step 84   (Current Step 84)
 Solving linear elasticity equations for mesh deformation
   Elasticity Convergence:
     Search direction     1  residual =  0.00000000E+00   relative_residual =  0.00000000E+00
     Convergence achieved: residual <= tol_rel * initial_residual + tol_abs =  0.20000000E-13
   limiter frozen
   84  0.134619704555205E-15  0.61144E-15  0.40000E+01 -0.41667E+01  0.50000E+01
       Lift -0.111022302462516E-13         Drag  0.000000000000000E+00
 
 Writing mixed.flow (version 12.2)
  inserting current history iterations 84
 Time for write: .0 s
 
 
 Begin Mesh Movement, Time Step 85   (Current Step 85)
 Solving linear elasticity equations for mesh deformation
   Elasticity Convergence:
     Search direction     1  residual =  0.00000000E+00   relative_residual =  0.00000000E+00
     Convergence achieved: residual <= tol_rel * initial_residual + tol_abs =  0.20000000E-13
   limiter frozen
   85  0.141210373789258E-15  0.81124E-15  0.30000E+01 -0.33333E+01  0.50000E+01
       Lift  0.185037170770859E-13         Drag  0.000000000000000E+00
 
 Writing mixed.flow (version 12.2)
  inserting current history iterations 85
 Time for write: .0 s
 
 
 Begin Mesh Movement, Time Step 86   (Current Step 86)
 Solving linear elasticity equations for mesh deformation
   Elasticity Convergence:
     Search direction     1  residual =  0.00000000E+00   relative_residual =  0.00000000E+00
     Convergence achieved: residual <= tol_rel * initial_residual + tol_abs =  0.20000000E-13
   limiter frozen
   86  0.154716810340627E-15  0.73133E-15  0.40000E+01 -0.25000E+01  0.50000E+01
       Lift -0.634413156928661E-14         Drag  0.000000000000000E+00
 
 Writing mixed.flow (version 12.2)
  inserting current history iterations 86
 Time for write: .0 s
 
 
 Begin Mesh Movement, Time Step 87   (Current Step 87)
 Solving linear elasticity equations for mesh deformation
   Elasticity Convergence:
     Search direction     1  residual =  0.00000000E+00   relative_residual =  0.00000000E+00
     Convergence achieved: residual <= tol_rel * initial_residual + tol_abs =  0.20000000E-13
   limiter frozen
   87  0.175285221295409E-15  0.94369E-15  0.50000E+01 -0.16667E+01  0.20000E+01
       Lift  0.206184276001815E-13         Drag  0.000000000000000E+00
 
 Writing mixed.flow (version 12.2)
  inserting current history iterations 87
 Time for write: .0 s
 
 
 Begin Mesh Movement, Time Step 88   (Current Step 88)
 Solving linear elasticity equations for mesh deformation
   Elasticity Convergence:
     Search direction     1  residual =  0.00000000E+00   relative_residual =  0.00000000E+00
     Convergence achieved: residual <= tol_rel * initial_residual + tol_abs =  0.20000000E-13
   limiter frozen
   88  0.161577557054838E-15  0.77716E-15  0.50000E+01 -0.25000E+01  0.10000E+01
       Lift  0.111022302462516E-13         Drag  0.000000000000000E+00
 
 Writing mixed.flow (version 12.2)
  inserting current history iterations 88
 Time for write: .0 s
 
 
 Begin Mesh Movement, Time Step 89   (Current Step 89)
 Solving linear elasticity equations for mesh deformation
   Elasticity Convergence:
     Search direction     1  residual =  0.00000000E+00   relative_residual =  0.00000000E+00
     Convergence achieved: residual <= tol_rel * initial_residual + tol_abs =  0.20000000E-13
   limiter frozen
   89  0.133488751625584E-15  0.77716E-15  0.50000E+01 -0.41667E+01  0.10000E+01
       Lift  0.264338815386943E-14         Drag  0.000000000000000E+00
 
 Writing mixed.flow (version 12.2)
  inserting current history iterations 89
 Time for write: .0 s
 
 
 Begin Mesh Movement, Time Step 90   (Current Step 90)
 Solving linear elasticity equations for mesh deformation
   Elasticity Convergence:
     Search direction     1  residual =  0.00000000E+00   relative_residual =  0.00000000E+00
     Convergence achieved: residual <= tol_rel * initial_residual + tol_abs =  0.20000000E-13
   limiter frozen
   90  0.165725363179900E-15  0.72164E-15  0.50000E+01 -0.25000E+01  0.30000E+01
       Lift  0.422942104619107E-14         Drag  0.000000000000000E+00
 
 Writing boundary output: mixed_tec_boundary_timestep90.dat
  Time step: 90, ntt: 90, Prior iterations: 0
 Writing Legacy VTK volume file='mixed_volume_timestep90.vtk'
 
 Writing mixed.flow (version 12.2)
  inserting current history iterations 90
 Time for write: .0 s
 
 
 Begin Mesh Movement, Time Step 91   (Current Step 91)
 Solving linear elasticity equations for mesh deformation
   Elasticity Convergence:
     Search direction     1  residual =  0.00000000E+00   relative_residual =  0.00000000E+00
     Convergence achieved: residual <= tol_rel * initial_residual + tol_abs =  0.20000000E-13
   limiter frozen
   91  0.179481074815760E-15  0.74720E-15  0.10000E+01 -0.83333E+00  0.50000E+01
       Lift  0.951619735392991E-14         Drag  0.000000000000000E+00
 
 Writing mixed.flow (version 12.2)
  inserting current history iterations 91
 Time for write: .0 s
 
 
 Begin Mesh Movement, Time Step 92   (Current Step 92)
 Solving linear elasticity equations for mesh deformation
   Elasticity Convergence:
     Search direction     1  residual =  0.00000000E+00   relative_residual =  0.00000000E+00
     Convergence achieved: residual <= tol_rel * initial_residual + tol_abs =  0.20000000E-13
   limiter frozen
   92  0.172655969616558E-15  0.75025E-15  0.20000E+01 -0.41667E+01  0.50000E+01
       Lift -0.422942104619107E-14         Drag  0.000000000000000E+00
 
 Writing mixed.flow (version 12.2)
  inserting current history iterations 92
 Time for write: .0 s
 
 
 Begin Mesh Movement, Time Step 93   (Current Step 93)
 Solving linear elasticity equations for mesh deformation
   Elasticity Convergence:
     Search direction     1  residual =  0.00000000E+00   relative_residual =  0.00000000E+00
     Convergence achieved: residual <= tol_rel * initial_residual + tol_abs =  0.20000000E-13
   limiter frozen
   93  0.186070603727149E-15  0.99920E-15  0.50000E+01 -0.41667E+01  0.30000E+01
       Lift  0.126882631385732E-13         Drag  0.000000000000000E+00
 
 Writing mixed.flow (version 12.2)
  inserting current history iterations 93
 Time for write: .0 s
 
 
 Begin Mesh Movement, Time Step 94   (Current Step 94)
 Solving linear elasticity equations for mesh deformation
   Elasticity Convergence:
     Search direction     1  residual =  0.00000000E+00   relative_residual =  0.00000000E+00
     Convergence achieved: residual <= tol_rel * initial_residual + tol_abs =  0.20000000E-13
   limiter frozen
   94  0.176025635292162E-15  0.83267E-15  0.50000E+01 -0.83333E+00  0.40000E+01
       Lift  0.951619735392991E-14         Drag  0.000000000000000E+00
 
 Writing mixed.flow (version 12.2)
  inserting current history iterations 94
 Time for write: .0 s
 
 
 Begin Mesh Movement, Time Step 95   (Current Step 95)
 Solving linear elasticity equations for mesh deformation
   Elasticity Convergence:
     Search direction     1  residual =  0.00000000E+00   relative_residual =  0.00000000E+00
     Convergence achieved: residual <= tol_rel * initial_residual + tol_abs =  0.20000000E-13
   limiter frozen
   95  0.163388567445652E-15  0.88818E-15  0.50000E+01 -0.25000E+01  0.10000E+01
       Lift  0.169176841847643E-13         Drag  0.000000000000000E+00
 
 Writing mixed.flow (version 12.2)
  inserting current history iterations 95
 Time for write: .0 s
 
 
 Begin Mesh Movement, Time Step 96   (Current Step 96)
 Solving linear elasticity equations for mesh deformation
   Elasticity Convergence:
     Search direction     1  residual =  0.00000000E+00   relative_residual =  0.00000000E+00
     Convergence achieved: residual <= tol_rel * initial_residual + tol_abs =  0.20000000E-13
   limiter frozen
   96  0.173894326569221E-15  0.83267E-15  0.00000E+00 -0.16667E+01  0.10000E+01
       Lift  0.243191710155987E-13         Drag  0.000000000000000E+00
 
 Writing mixed.flow (version 12.2)
  inserting current history iterations 96
 Time for write: .0 s
 
 
 Begin Mesh Movement, Time Step 97   (Current Step 97)
 Solving linear elasticity equations for mesh deformation
   Elasticity Convergence:
     Search direction     1  residual =  0.00000000E+00   relative_residual =  0.00000000E+00
     Convergence achieved: residual <= tol_rel * initial_residual + tol_abs =  0.20000000E-13
   limiter frozen
   97  0.166179989899226E-15  0.72164E-15  0.50000E+01 -0.33333E+01  0.20000E+01
       Lift  0.200897499694076E-13         Drag  0.000000000000000E+00
 
 Writing mixed.flow (version 12.2)
  inserting current history iterations 97
 Time for write: .0 s
 
 
 Begin Mesh Movement, Time Step 98   (Current Step 98)
 Solving linear elasticity equations for mesh deformation
   Elasticity Convergence:
     Search direction     1  residual =  0.00000000E+00   relative_residual =  0.00000000E+00
     Convergence achieved: residual <= tol_rel * initial_residual + tol_abs =  0.20000000E-13
   limiter frozen
   98  0.171999536669029E-15  0.72164E-15  0.50000E+01 -0.83333E+00  0.20000E+01
       Lift -0.179750394463121E-13         Drag  0.000000000000000E+00
 
 Writing mixed.flow (version 12.2)
  inserting current history iterations 98
 Time for write: .0 s
 
 
 Begin Mesh Movement, Time Step 99   (Current Step 99)
 Solving linear elasticity equations for mesh deformation
   Elasticity Convergence:
     Search direction     1  residual =  0.00000000E+00   relative_residual =  0.00000000E+00
     Convergence achieved: residual <= tol_rel * initial_residual + tol_abs =  0.20000000E-13
   limiter frozen
   99  0.150527875064030E-15  0.89198E-15  0.40000E+01 -0.33333E+01  0.50000E+01
       Lift  0.169176841847643E-13         Drag  0.000000000000000E+00
 
 Writing mixed.flow (version 12.2)
  inserting current history iterations 99
 Time for write: .0 s
 
 
 Begin Mesh Movement, Time Step 100   (Current Step 100)
 Solving linear elasticity equations for mesh deformation
   Elasticity Convergence:
     Search direction     1  residual =  0.00000000E+00   relative_residual =  0.00000000E+00
     Convergence achieved: residual <= tol_rel * initial_residual + tol_abs =  0.20000000E-13
   limiter frozen
  100  0.143631476831749E-15  0.66613E-15  0.50000E+01 -0.41667E+01  0.40000E+01
       Lift  0.111022302462516E-13         Drag  0.000000000000000E+00
 
 Writing boundary output: mixed_tec_boundary_timestep100.dat
  Time step: 100, ntt: 100, Prior iterations: 0
 Writing Legacy VTK volume file='mixed_volume_timestep100.vtk'
 
 Writing mixed.flow (version 12.2)
  inserting current history iterations 100
 Time for write: .0 s
 
 Current value of function            1  0.000000000000000E+000
 Done.
FUN3D 13.6-c04c9a5b80 Adjoint started 11/05/2021 at 13:32:06 with 1 processes
Contents of ../Flow//fun3d.nml file below------------------------
&project
  project_rootname = 'mixed'
/
&raw_grid
  grid_format = 'aflr3'
  data_format = 'default'
  swap_yz_axes = .true.
/
&governing_equations
  eqn_type      = 'compressible'
  viscous_terms = 'inviscid'
/
&reference_physical_properties
  mach_number     = 0.5
  angle_of_attack = 0.0
  reynolds_number = 1.357e4
  temperature     = 300.0
  temperature_units = 'Kelvin'
/
&inviscid_flux_method
flux_construction       = 'roe'
flux_limiter            = 'hvenkat'
smooth_limiter_coeff    = 1.0
freeze_limiter_iteration = 1
/
&code_run_control
  restart_write_freq = 1
  restart_read       = 'off'
  steps              =  100
/
&nonlinear_solver_parameters
  time_accuracy = "steady"
  time_step_nondim =   0.1
  subiterations =          0
  schedule_iteration(1:2) = 1,10
  schedule_cfl(1:2) = 200.0,200.0
  schedule_cflturb(1:2) = 50.0,50.0
/
&elasticity_gmres
  tol = 1.e-14
/
&global
  moving_grid = .true.
  boundary_animation_freq = 10
  volume_animation_freq = 10
/
&slice_data
  nslices	= 1
  slice_z(:)	= .true.
  slice_location(:) = 2.5
/
&boundary_output_variables
  number_of_boundaries = -1
  boundary_list        = '1-6'
  temperature          = .true.
  mach                 = .true.
/
&massoud_output
  funtofem_include_skin_friction = .false.
/
&volume_output_variables
  export_to ='vtk'
  x = .false.
  y = .false.
  z = .false.
  temperature = .true.
  mach = .true.
  p = .true.
/
Contents of ../Flow//fun3d.nml file above------------------------
 The default "stream" data format is being used for the grid format "aflr3".
 Namelist data file ../Flow/moving_body.input successfully opened
   Namelist forced_motion not read
   Namelist observer_motion not read
   Namelist surface_motion_from_file not read
   Namelist motion_from_file not read
   Namelist composite_overset_mesh not read
  ... Use the reference Mach number for the freestream:  T
 Setting Sutherland constant =   198.60 rather than default value of  198.60
 Setting flow solver convergence tolerance to  0.1E-29
 (to prevent unintended kickout from coupling process)
 
 Code_id=           2
 Preparing to read binary AFLR3 grid: ../Flow/mixed.lb8.ugrid
 error opening ../Flow/mixed.lb8.ugrid
 Preparing to read binary AFLR3 grid: ../Flow/mixed.b8.ugrid
 
  nnodes              350
  ntface,nqface       156 120
  ntet,npyr,nprz,nhex 0 0 468 0
 
 Swapping y- and z-points and preserving right-handedness.
 ...y(new) = -z(input)
 ...z(new) = +y(input)
cell statistics: type,      min volume,      max volume, max face angle
cell statistics:  prz,  0.16102838E+00,  0.37936733E+00,   95.233203849
cell statistics:  all,  0.16102838E+00,  0.37936733E+00,   95.233203849

     ... Constructing partition node sets for level-0...                   468 T
     ... Edge Partitioning ....
     ... Boundary partitioning....
     ... Reordering for cache efficiency....
     ... Write global grid information to mixed.grid_info
     ... Time after preprocess TIME/Mem(MB):  ********    243.34    243.34
  NOTE: kappa_umuscl set by grid: .50
 loading design ...
  ... Use the reference Mach number for the freestream:  T
 Setting Sutherland constant =   198.60 rather than default value of  198.60
  Running an aeroelastic case with itime = 0
  -->Setting ignore_grid_velocity to true
  -->Setting need_grid_velocity to false
 
 Recomputing distance function:
 Boundary 2 allowed to deform with y=constant constraint
 Boundary 3 allowed to deform with y=constant constraint
 
 Using linear elasticity to reposition grid...
 
 loading design ...
 No active shape variables: exiting from reposition_grid...
 
 Number of Moving Bodies:
  1
 
 Motion Data for Body    1
   Body Name:   bc-6
   Parent Name: 
  Number of Boundaries Defining Body:
    1
  List of Boundaries Defining Body:
    6
  Mesh Movement For Body Motion
   deform
  Component Mesh ID:
    0
  Rotational Motion:
   rotate
    0
   no forced rotation specified
  Translational Motion
   translate
    0
   no forced translation specified
  List of Boundaries Used For Force/Moment Integration:
    6
  Moment Center:
   xmc         ymc         zmc  
   0.00000E+00 0.00000E+00 0.00000E+00
   move_mc
    1
  Surface Files
   No surface files specified
 
 Moving Body Family Trees:
 
   number after each component name is the generation;
   generation 0 motion is relative to inertial frame
   generation 1 motion is relative to generation 0
   generation 2 motion is relative to generation 1, etc
 
   Body Name: bc-6 (0)
    Ancestors:
      none
    Descendants:
      none
 
 Body 1 initial moment center:   0.0000000E+00  0.0000000E+00  0.0000000E+00
 Static aeroelastic adjoint mesh update
 
 Begin Mesh Movement, Time Step 100   (Current Step 100)
 Solving linear elasticity equations for mesh deformation
   Info: initial call to elasticity solver
     Elasticity model: (1/distance)**1.0
     Linear solver: gmres
     Left preconditioner: point-multicolor  Preconditioner iterations: 5
     Initial values for solution taken as zero
     Convergence tolerances: tol_rel = 0.10000000E-13 tol_abs = 0.10000000E-13
   Elasticity Convergence:
     Search direction     1  residual =  0.00000000E+00   relative_residual =  0.00000000E+00
     Convergence achieved: residual <= tol_rel * initial_residual + tol_abs =  0.20000000E-13
 Static adjoint mesh updated moving_grid = .false. now
 Boundary 2 allowed to deform with y=constant constraint
 Boundary 3 allowed to deform with y=constant constraint
 Boundary 2 allowed to deform with y=constant constraint
 Boundary 3 allowed to deform with y=constant constraint
 
 Writing boundary output: mixed_tec_boundary_timestep0.dat
  Time step: 0, ntt: 100, Prior iterations: 0
 Writing Legacy VTK volume file='mixed_volume_timestep0.vtk'
 
 Reading ../Flow/mixed.flow (version  12.20)
 the restart files contains history iterations = 100
 
       Lift  0.148029736616688E-13         Drag  0.000000000000000E+00
 Iter            adjoint RMS  adjoint MAX   X location   Y location   Z location
    1  0.000000000000000E+00  0.00000E+00  0.00000E+00 -0.50000E+01  0.00000E+00
 Current value of function            1  0.000000000000000E+000
Reduced AOA derivative         =    0.00000000000000E+00
Reduced yaw derivative         =    0.00000000000000E+00
